<?xml version="1.0" encoding="UTF-8"?>
<!-- Generated by org.testng.reporters.JUnitReportReporter -->
<testsuite hostname="hp" failures="0" tests="1000" name="testNGFlags.Flag3" time="0.230" errors="0" timestamp="2023-05-26T10:34:40 IST" skipped="0">
  <testcase classname="testNGFlags.Flag3" name="Flag" time="0.000"/>
  <system-out>
    <![CDATA[Login test case]]>
  </system-out>
  <testcase classname="testNGFlags.Flag3" name="Flag" time="0.000"/>
  <system-out>
    <![CDATA[Login test case]]>
  </system-out>
  <testcase classname="testNGFlags.Flag3" name="Flag" time="0.000"/>
  <system-out>
    <![CDATA[Login test case]]>
  </system-out>
  <testcase classname="testNGFlags.Flag3" name="Flag" time="0.001"/>
  <system-out>
    <![CDATA[Login test case]]>
  </system-out>
  <testcase classname="testNGFlags.Flag3" name="Flag" time="0.000"/>
  <system-out>
    <![CDATA[Login test case]]>
  </system-out>
  <testcase classname="testNGFlags.Flag3" name="Flag" time="0.000"/>
  <system-out>
    <![CDATA[Login test case]]>
  </system-out>
  <testcase classname="testNGFlags.Flag3" name="Flag" time="0.000"/>
  <system-out>
    <![CDATA[Login test case]]>
  </system-out>
  <testcase classname="testNGFlags.Flag3" name="Flag" time="0.000"/>
  <system-out>
    <![CDATA[Login test case]]>
  </system-out>
  <testcase classname="testNGFlags.Flag3" name="Flag" time="0.000"/>
  <system-out>
    <![CDATA[Login test case]]>
  </system-out>
  <testcase classname="testNGFlags.Flag3" name="Flag" time="0.000"/>
  <system-out>
    <![CDATA[Login test case]]>
  </system-out>
  <testcase classname="testNGFlags.Flag3" name="Flag" time="0.000"/>
  <system-out>
    <![CDATA[Login test case]]>
  </system-out>
  <testcase classname="testNGFlags.Flag3" name="Flag" time="0.000"/>
  <system-out>
    <![CDATA[Login test case]]>
  </system-out>
  <testcase classname="testNGFlags.Flag3" name="Flag" time="0.000"/>
  <system-out>
    <![CDATA[Login test case]]>
  </system-out>
  <testcase classname="testNGFlags.Flag3" name="Flag" time="0.000"/>
  <system-out>
    <![CDATA[Login test case]]>
  </system-out>
  <testcase classname="testNGFlags.Flag3" name="Flag" time="0.000"/>
  <system-out>
    <![CDATA[Login test case]]>
  </system-out>
  <testcase classname="testNGFlags.Flag3" name="Flag" time="0.000"/>
  <system-out>
    <![CDATA[Login test case]]>
  </system-out>
  <testcase classname="testNGFlags.Flag3" name="Flag" time="0.001"/>
  <system-out>
    <![CDATA[Login test case]]>
  </system-out>
  <testcase classname="testNGFlags.Flag3" name="Flag" time="0.000"/>
  <system-out>
    <![CDATA[Login test case]]>
  </system-out>
  <testcase classname="testNGFlags.Flag3" name="Flag" time="0.000"/>
  <system-out>
    <![CDATA[Login test case]]>
  </system-out>
  <testcase classname="testNGFlags.Flag3" name="Flag" time="0.000"/>
  <system-out>
    <![CDATA[Login test case]]>
  </system-out>
  <testcase classname="testNGFlags.Flag3" name="Flag" time="0.000"/>
  <system-out>
    <![CDATA[Login test case]]>
  </system-out>
  <testcase classname="testNGFlags.Flag3" name="Flag" time="0.001"/>
  <system-out>
    <![CDATA[Login test case]]>
  </system-out>
  <testcase classname="testNGFlags.Flag3" name="Flag" time="0.000"/>
  <system-out>
    <![CDATA[Login test case]]>
  </system-out>
  <testcase classname="testNGFlags.Flag3" name="Flag" time="0.000"/>
  <system-out>
    <![CDATA[Login test case]]>
  </system-out>
  <testcase classname="testNGFlags.Flag3" name="Flag" time="0.000"/>
  <system-out>
    <![CDATA[Login test case]]>
  </system-out>
  <testcase classname="testNGFlags.Flag3" name="Flag" time="0.000"/>
  <system-out>
    <![CDATA[Login test case]]>
  </system-out>
  <testcase classname="testNGFlags.Flag3" name="Flag" time="0.000"/>
  <system-out>
    <![CDATA[Login test case]]>
  </system-out>
  <testcase classname="testNGFlags.Flag3" name="Flag" time="0.001"/>
  <system-out>
    <![CDATA[Login test case]]>
  </system-out>
  <testcase classname="testNGFlags.Flag3" name="Flag" time="0.000"/>
  <system-out>
    <![CDATA[Login test case]]>
  </system-out>
  <testcase classname="testNGFlags.Flag3" name="Flag" time="0.000"/>
  <system-out>
    <![CDATA[Login test case]]>
  </system-out>
  <testcase classname="testNGFlags.Flag3" name="Flag" time="0.000"/>
  <system-out>
    <![CDATA[Login test case]]>
  </system-out>
  <testcase classname="testNGFlags.Flag3" name="Flag" time="0.000"/>
  <system-out>
    <![CDATA[Login test case]]>
  </system-out>
  <testcase classname="testNGFlags.Flag3" name="Flag" time="0.000"/>
  <system-out>
    <![CDATA[Login test case]]>
  </system-out>
  <testcase classname="testNGFlags.Flag3" name="Flag" time="0.000"/>
  <system-out>
    <![CDATA[Login test case]]>
  </system-out>
  <testcase classname="testNGFlags.Flag3" name="Flag" time="0.000"/>
  <system-out>
    <![CDATA[Login test case]]>
  </system-out>
  <testcase classname="testNGFlags.Flag3" name="Flag" time="0.000"/>
  <system-out>
    <![CDATA[Login test case]]>
  </system-out>
  <testcase classname="testNGFlags.Flag3" name="Flag" time="0.000"/>
  <system-out>
    <![CDATA[Login test case]]>
  </system-out>
  <testcase classname="testNGFlags.Flag3" name="Flag" time="0.000"/>
  <system-out>
    <![CDATA[Login test case]]>
  </system-out>
  <testcase classname="testNGFlags.Flag3" name="Flag" time="0.001"/>
  <system-out>
    <![CDATA[Login test case]]>
  </system-out>
  <testcase classname="testNGFlags.Flag3" name="Flag" time="0.000"/>
  <system-out>
    <![CDATA[Login test case]]>
  </system-out>
  <testcase classname="testNGFlags.Flag3" name="Flag" time="0.000"/>
  <system-out>
    <![CDATA[Login test case]]>
  </system-out>
  <testcase classname="testNGFlags.Flag3" name="Flag" time="0.001"/>
  <system-out>
    <![CDATA[Login test case]]>
  </system-out>
  <testcase classname="testNGFlags.Flag3" name="Flag" time="0.000"/>
  <system-out>
    <![CDATA[Login test case]]>
  </system-out>
  <testcase classname="testNGFlags.Flag3" name="Flag" time="0.000"/>
  <system-out>
    <![CDATA[Login test case]]>
  </system-out>
  <testcase classname="testNGFlags.Flag3" name="Flag" time="0.000"/>
  <system-out>
    <![CDATA[Login test case]]>
  </system-out>
  <testcase classname="testNGFlags.Flag3" name="Flag" time="0.000"/>
  <system-out>
    <![CDATA[Login test case]]>
  </system-out>
  <testcase classname="testNGFlags.Flag3" name="Flag" time="0.000"/>
  <system-out>
    <![CDATA[Login test case]]>
  </system-out>
  <testcase classname="testNGFlags.Flag3" name="Flag" time="0.000"/>
  <system-out>
    <![CDATA[Login test case]]>
  </system-out>
  <testcase classname="testNGFlags.Flag3" name="Flag" time="0.001"/>
  <system-out>
    <![CDATA[Login test case]]>
  </system-out>
  <testcase classname="testNGFlags.Flag3" name="Flag" time="0.001"/>
  <system-out>
    <![CDATA[Login test case]]>
  </system-out>
  <testcase classname="testNGFlags.Flag3" name="Flag" time="0.000"/>
  <system-out>
    <![CDATA[Login test case]]>
  </system-out>
  <testcase classname="testNGFlags.Flag3" name="Flag" time="0.000"/>
  <system-out>
    <![CDATA[Login test case]]>
  </system-out>
  <testcase classname="testNGFlags.Flag3" name="Flag" time="0.000"/>
  <system-out>
    <![CDATA[Login test case]]>
  </system-out>
  <testcase classname="testNGFlags.Flag3" name="Flag" time="0.000"/>
  <system-out>
    <![CDATA[Login test case]]>
  </system-out>
  <testcase classname="testNGFlags.Flag3" name="Flag" time="0.000"/>
  <system-out>
    <![CDATA[Login test case]]>
  </system-out>
  <testcase classname="testNGFlags.Flag3" name="Flag" time="0.000"/>
  <system-out>
    <![CDATA[Login test case]]>
  </system-out>
  <testcase classname="testNGFlags.Flag3" name="Flag" time="0.001"/>
  <system-out>
    <![CDATA[Login test case]]>
  </system-out>
  <testcase classname="testNGFlags.Flag3" name="Flag" time="0.000"/>
  <system-out>
    <![CDATA[Login test case]]>
  </system-out>
  <testcase classname="testNGFlags.Flag3" name="Flag" time="0.000"/>
  <system-out>
    <![CDATA[Login test case]]>
  </system-out>
  <testcase classname="testNGFlags.Flag3" name="Flag" time="0.000"/>
  <system-out>
    <![CDATA[Login test case]]>
  </system-out>
  <testcase classname="testNGFlags.Flag3" name="Flag" time="0.001"/>
  <system-out>
    <![CDATA[Login test case]]>
  </system-out>
  <testcase classname="testNGFlags.Flag3" name="Flag" time="0.000"/>
  <system-out>
    <![CDATA[Login test case]]>
  </system-out>
  <testcase classname="testNGFlags.Flag3" name="Flag" time="0.000"/>
  <system-out>
    <![CDATA[Login test case]]>
  </system-out>
  <testcase classname="testNGFlags.Flag3" name="Flag" time="0.000"/>
  <system-out>
    <![CDATA[Login test case]]>
  </system-out>
  <testcase classname="testNGFlags.Flag3" name="Flag" time="0.000"/>
  <system-out>
    <![CDATA[Login test case]]>
  </system-out>
  <testcase classname="testNGFlags.Flag3" name="Flag" time="0.000"/>
  <system-out>
    <![CDATA[Login test case]]>
  </system-out>
  <testcase classname="testNGFlags.Flag3" name="Flag" time="0.000"/>
  <system-out>
    <![CDATA[Login test case]]>
  </system-out>
  <testcase classname="testNGFlags.Flag3" name="Flag" time="0.000"/>
  <system-out>
    <![CDATA[Login test case]]>
  </system-out>
  <testcase classname="testNGFlags.Flag3" name="Flag" time="0.000"/>
  <system-out>
    <![CDATA[Login test case]]>
  </system-out>
  <testcase classname="testNGFlags.Flag3" name="Flag" time="0.001"/>
  <system-out>
    <![CDATA[Login test case]]>
  </system-out>
  <testcase classname="testNGFlags.Flag3" name="Flag" time="0.000"/>
  <system-out>
    <![CDATA[Login test case]]>
  </system-out>
  <testcase classname="testNGFlags.Flag3" name="Flag" time="0.000"/>
  <system-out>
    <![CDATA[Login test case]]>
  </system-out>
  <testcase classname="testNGFlags.Flag3" name="Flag" time="0.000"/>
  <system-out>
    <![CDATA[Login test case]]>
  </system-out>
  <testcase classname="testNGFlags.Flag3" name="Flag" time="0.000"/>
  <system-out>
    <![CDATA[Login test case]]>
  </system-out>
  <testcase classname="testNGFlags.Flag3" name="Flag" time="0.000"/>
  <system-out>
    <![CDATA[Login test case]]>
  </system-out>
  <testcase classname="testNGFlags.Flag3" name="Flag" time="0.000"/>
  <system-out>
    <![CDATA[Login test case]]>
  </system-out>
  <testcase classname="testNGFlags.Flag3" name="Flag" time="0.000"/>
  <system-out>
    <![CDATA[Login test case]]>
  </system-out>
  <testcase classname="testNGFlags.Flag3" name="Flag" time="0.000"/>
  <system-out>
    <![CDATA[Login test case]]>
  </system-out>
  <testcase classname="testNGFlags.Flag3" name="Flag" time="0.000"/>
  <system-out>
    <![CDATA[Login test case]]>
  </system-out>
  <testcase classname="testNGFlags.Flag3" name="Flag" time="0.000"/>
  <system-out>
    <![CDATA[Login test case]]>
  </system-out>
  <testcase classname="testNGFlags.Flag3" name="Flag" time="0.000"/>
  <system-out>
    <![CDATA[Login test case]]>
  </system-out>
  <testcase classname="testNGFlags.Flag3" name="Flag" time="0.000"/>
  <system-out>
    <![CDATA[Login test case]]>
  </system-out>
  <testcase classname="testNGFlags.Flag3" name="Flag" time="0.000"/>
  <system-out>
    <![CDATA[Login test case]]>
  </system-out>
  <testcase classname="testNGFlags.Flag3" name="Flag" time="0.000"/>
  <system-out>
    <![CDATA[Login test case]]>
  </system-out>
  <testcase classname="testNGFlags.Flag3" name="Flag" time="0.000"/>
  <system-out>
    <![CDATA[Login test case]]>
  </system-out>
  <testcase classname="testNGFlags.Flag3" name="Flag" time="0.000"/>
  <system-out>
    <![CDATA[Login test case]]>
  </system-out>
  <testcase classname="testNGFlags.Flag3" name="Flag" time="0.000"/>
  <system-out>
    <![CDATA[Login test case]]>
  </system-out>
  <testcase classname="testNGFlags.Flag3" name="Flag" time="0.001"/>
  <system-out>
    <![CDATA[Login test case]]>
  </system-out>
  <testcase classname="testNGFlags.Flag3" name="Flag" time="0.000"/>
  <system-out>
    <![CDATA[Login test case]]>
  </system-out>
  <testcase classname="testNGFlags.Flag3" name="Flag" time="0.000"/>
  <system-out>
    <![CDATA[Login test case]]>
  </system-out>
  <testcase classname="testNGFlags.Flag3" name="Flag" time="0.000"/>
  <system-out>
    <![CDATA[Login test case]]>
  </system-out>
  <testcase classname="testNGFlags.Flag3" name="Flag" time="0.001"/>
  <system-out>
    <![CDATA[Login test case]]>
  </system-out>
  <testcase classname="testNGFlags.Flag3" name="Flag" time="0.000"/>
  <system-out>
    <![CDATA[Login test case]]>
  </system-out>
  <testcase classname="testNGFlags.Flag3" name="Flag" time="0.000"/>
  <system-out>
    <![CDATA[Login test case]]>
  </system-out>
  <testcase classname="testNGFlags.Flag3" name="Flag" time="0.000"/>
  <system-out>
    <![CDATA[Login test case]]>
  </system-out>
  <testcase classname="testNGFlags.Flag3" name="Flag" time="0.000"/>
  <system-out>
    <![CDATA[Login test case]]>
  </system-out>
  <testcase classname="testNGFlags.Flag3" name="Flag" time="0.000"/>
  <system-out>
    <![CDATA[Login test case]]>
  </system-out>
  <testcase classname="testNGFlags.Flag3" name="Flag" time="0.000"/>
  <system-out>
    <![CDATA[Login test case]]>
  </system-out>
  <testcase classname="testNGFlags.Flag3" name="Flag" time="0.000"/>
  <system-out>
    <![CDATA[Login test case]]>
  </system-out>
  <testcase classname="testNGFlags.Flag3" name="Flag" time="0.001"/>
  <system-out>
    <![CDATA[Login test case]]>
  </system-out>
  <testcase classname="testNGFlags.Flag3" name="Flag" time="0.000"/>
  <system-out>
    <![CDATA[Login test case]]>
  </system-out>
  <testcase classname="testNGFlags.Flag3" name="Flag" time="0.000"/>
  <system-out>
    <![CDATA[Login test case]]>
  </system-out>
  <testcase classname="testNGFlags.Flag3" name="Flag" time="0.000"/>
  <system-out>
    <![CDATA[Login test case]]>
  </system-out>
  <testcase classname="testNGFlags.Flag3" name="Flag" time="0.000"/>
  <system-out>
    <![CDATA[Login test case]]>
  </system-out>
  <testcase classname="testNGFlags.Flag3" name="Flag" time="0.000"/>
  <system-out>
    <![CDATA[Login test case]]>
  </system-out>
  <testcase classname="testNGFlags.Flag3" name="Flag" time="0.000"/>
  <system-out>
    <![CDATA[Login test case]]>
  </system-out>
  <testcase classname="testNGFlags.Flag3" name="Flag" time="0.001"/>
  <system-out>
    <![CDATA[Login test case]]>
  </system-out>
  <testcase classname="testNGFlags.Flag3" name="Flag" time="0.001"/>
  <system-out>
    <![CDATA[Login test case]]>
  </system-out>
  <testcase classname="testNGFlags.Flag3" name="Flag" time="0.000"/>
  <system-out>
    <![CDATA[Login test case]]>
  </system-out>
  <testcase classname="testNGFlags.Flag3" name="Flag" time="0.000"/>
  <system-out>
    <![CDATA[Login test case]]>
  </system-out>
  <testcase classname="testNGFlags.Flag3" name="Flag" time="0.000"/>
  <system-out>
    <![CDATA[Login test case]]>
  </system-out>
  <testcase classname="testNGFlags.Flag3" name="Flag" time="0.000"/>
  <system-out>
    <![CDATA[Login test case]]>
  </system-out>
  <testcase classname="testNGFlags.Flag3" name="Flag" time="0.000"/>
  <system-out>
    <![CDATA[Login test case]]>
  </system-out>
  <testcase classname="testNGFlags.Flag3" name="Flag" time="0.001"/>
  <system-out>
    <![CDATA[Login test case]]>
  </system-out>
  <testcase classname="testNGFlags.Flag3" name="Flag" time="0.000"/>
  <system-out>
    <![CDATA[Login test case]]>
  </system-out>
  <testcase classname="testNGFlags.Flag3" name="Flag" time="0.000"/>
  <system-out>
    <![CDATA[Login test case]]>
  </system-out>
  <testcase classname="testNGFlags.Flag3" name="Flag" time="0.001"/>
  <system-out>
    <![CDATA[Login test case]]>
  </system-out>
  <testcase classname="testNGFlags.Flag3" name="Flag" time="0.000"/>
  <system-out>
    <![CDATA[Login test case]]>
  </system-out>
  <testcase classname="testNGFlags.Flag3" name="Flag" time="0.000"/>
  <system-out>
    <![CDATA[Login test case]]>
  </system-out>
  <testcase classname="testNGFlags.Flag3" name="Flag" time="0.000"/>
  <system-out>
    <![CDATA[Login test case]]>
  </system-out>
  <testcase classname="testNGFlags.Flag3" name="Flag" time="0.000"/>
  <system-out>
    <![CDATA[Login test case]]>
  </system-out>
  <testcase classname="testNGFlags.Flag3" name="Flag" time="0.000"/>
  <system-out>
    <![CDATA[Login test case]]>
  </system-out>
  <testcase classname="testNGFlags.Flag3" name="Flag" time="0.001"/>
  <system-out>
    <![CDATA[Login test case]]>
  </system-out>
  <testcase classname="testNGFlags.Flag3" name="Flag" time="0.000"/>
  <system-out>
    <![CDATA[Login test case]]>
  </system-out>
  <testcase classname="testNGFlags.Flag3" name="Flag" time="0.000"/>
  <system-out>
    <![CDATA[Login test case]]>
  </system-out>
  <testcase classname="testNGFlags.Flag3" name="Flag" time="0.000"/>
  <system-out>
    <![CDATA[Login test case]]>
  </system-out>
  <testcase classname="testNGFlags.Flag3" name="Flag" time="0.001"/>
  <system-out>
    <![CDATA[Login test case]]>
  </system-out>
  <testcase classname="testNGFlags.Flag3" name="Flag" time="0.000"/>
  <system-out>
    <![CDATA[Login test case]]>
  </system-out>
  <testcase classname="testNGFlags.Flag3" name="Flag" time="0.000"/>
  <system-out>
    <![CDATA[Login test case]]>
  </system-out>
  <testcase classname="testNGFlags.Flag3" name="Flag" time="0.000"/>
  <system-out>
    <![CDATA[Login test case]]>
  </system-out>
  <testcase classname="testNGFlags.Flag3" name="Flag" time="0.000"/>
  <system-out>
    <![CDATA[Login test case]]>
  </system-out>
  <testcase classname="testNGFlags.Flag3" name="Flag" time="0.000"/>
  <system-out>
    <![CDATA[Login test case]]>
  </system-out>
  <testcase classname="testNGFlags.Flag3" name="Flag" time="0.000"/>
  <system-out>
    <![CDATA[Login test case]]>
  </system-out>
  <testcase classname="testNGFlags.Flag3" name="Flag" time="0.001"/>
  <system-out>
    <![CDATA[Login test case]]>
  </system-out>
  <testcase classname="testNGFlags.Flag3" name="Flag" time="0.000"/>
  <system-out>
    <![CDATA[Login test case]]>
  </system-out>
  <testcase classname="testNGFlags.Flag3" name="Flag" time="0.000"/>
  <system-out>
    <![CDATA[Login test case]]>
  </system-out>
  <testcase classname="testNGFlags.Flag3" name="Flag" time="0.001"/>
  <system-out>
    <![CDATA[Login test case]]>
  </system-out>
  <testcase classname="testNGFlags.Flag3" name="Flag" time="0.000"/>
  <system-out>
    <![CDATA[Login test case]]>
  </system-out>
  <testcase classname="testNGFlags.Flag3" name="Flag" time="0.000"/>
  <system-out>
    <![CDATA[Login test case]]>
  </system-out>
  <testcase classname="testNGFlags.Flag3" name="Flag" time="0.001"/>
  <system-out>
    <![CDATA[Login test case]]>
  </system-out>
  <testcase classname="testNGFlags.Flag3" name="Flag" time="0.000"/>
  <system-out>
    <![CDATA[Login test case]]>
  </system-out>
  <testcase classname="testNGFlags.Flag3" name="Flag" time="0.000"/>
  <system-out>
    <![CDATA[Login test case]]>
  </system-out>
  <testcase classname="testNGFlags.Flag3" name="Flag" time="0.000"/>
  <system-out>
    <![CDATA[Login test case]]>
  </system-out>
  <testcase classname="testNGFlags.Flag3" name="Flag" time="0.001"/>
  <system-out>
    <![CDATA[Login test case]]>
  </system-out>
  <testcase classname="testNGFlags.Flag3" name="Flag" time="0.000"/>
  <system-out>
    <![CDATA[Login test case]]>
  </system-out>
  <testcase classname="testNGFlags.Flag3" name="Flag" time="0.001"/>
  <system-out>
    <![CDATA[Login test case]]>
  </system-out>
  <testcase classname="testNGFlags.Flag3" name="Flag" time="0.000"/>
  <system-out>
    <![CDATA[Login test case]]>
  </system-out>
  <testcase classname="testNGFlags.Flag3" name="Flag" time="0.000"/>
  <system-out>
    <![CDATA[Login test case]]>
  </system-out>
  <testcase classname="testNGFlags.Flag3" name="Flag" time="0.000"/>
  <system-out>
    <![CDATA[Login test case]]>
  </system-out>
  <testcase classname="testNGFlags.Flag3" name="Flag" time="0.000"/>
  <system-out>
    <![CDATA[Login test case]]>
  </system-out>
  <testcase classname="testNGFlags.Flag3" name="Flag" time="0.000"/>
  <system-out>
    <![CDATA[Login test case]]>
  </system-out>
  <testcase classname="testNGFlags.Flag3" name="Flag" time="0.001"/>
  <system-out>
    <![CDATA[Login test case]]>
  </system-out>
  <testcase classname="testNGFlags.Flag3" name="Flag" time="0.000"/>
  <system-out>
    <![CDATA[Login test case]]>
  </system-out>
  <testcase classname="testNGFlags.Flag3" name="Flag" time="0.001"/>
  <system-out>
    <![CDATA[Login test case]]>
  </system-out>
  <testcase classname="testNGFlags.Flag3" name="Flag" time="0.000"/>
  <system-out>
    <![CDATA[Login test case]]>
  </system-out>
  <testcase classname="testNGFlags.Flag3" name="Flag" time="0.000"/>
  <system-out>
    <![CDATA[Login test case]]>
  </system-out>
  <testcase classname="testNGFlags.Flag3" name="Flag" time="0.000"/>
  <system-out>
    <![CDATA[Login test case]]>
  </system-out>
  <testcase classname="testNGFlags.Flag3" name="Flag" time="0.000"/>
  <system-out>
    <![CDATA[Login test case]]>
  </system-out>
  <testcase classname="testNGFlags.Flag3" name="Flag" time="0.000"/>
  <system-out>
    <![CDATA[Login test case]]>
  </system-out>
  <testcase classname="testNGFlags.Flag3" name="Flag" time="0.000"/>
  <system-out>
    <![CDATA[Login test case]]>
  </system-out>
  <testcase classname="testNGFlags.Flag3" name="Flag" time="0.000"/>
  <system-out>
    <![CDATA[Login test case]]>
  </system-out>
  <testcase classname="testNGFlags.Flag3" name="Flag" time="0.000"/>
  <system-out>
    <![CDATA[Login test case]]>
  </system-out>
  <testcase classname="testNGFlags.Flag3" name="Flag" time="0.000"/>
  <system-out>
    <![CDATA[Login test case]]>
  </system-out>
  <testcase classname="testNGFlags.Flag3" name="Flag" time="0.000"/>
  <system-out>
    <![CDATA[Login test case]]>
  </system-out>
  <testcase classname="testNGFlags.Flag3" name="Flag" time="0.000"/>
  <system-out>
    <![CDATA[Login test case]]>
  </system-out>
  <testcase classname="testNGFlags.Flag3" name="Flag" time="0.001"/>
  <system-out>
    <![CDATA[Login test case]]>
  </system-out>
  <testcase classname="testNGFlags.Flag3" name="Flag" time="0.000"/>
  <system-out>
    <![CDATA[Login test case]]>
  </system-out>
  <testcase classname="testNGFlags.Flag3" name="Flag" time="0.003"/>
  <system-out>
    <![CDATA[Login test case]]>
  </system-out>
  <testcase classname="testNGFlags.Flag3" name="Flag" time="0.001"/>
  <system-out>
    <![CDATA[Login test case]]>
  </system-out>
  <testcase classname="testNGFlags.Flag3" name="Flag" time="0.000"/>
  <system-out>
    <![CDATA[Login test case]]>
  </system-out>
  <testcase classname="testNGFlags.Flag3" name="Flag" time="0.000"/>
  <system-out>
    <![CDATA[Login test case]]>
  </system-out>
  <testcase classname="testNGFlags.Flag3" name="Flag" time="0.001"/>
  <system-out>
    <![CDATA[Login test case]]>
  </system-out>
  <testcase classname="testNGFlags.Flag3" name="Flag" time="0.000"/>
  <system-out>
    <![CDATA[Login test case]]>
  </system-out>
  <testcase classname="testNGFlags.Flag3" name="Flag" time="0.000"/>
  <system-out>
    <![CDATA[Login test case]]>
  </system-out>
  <testcase classname="testNGFlags.Flag3" name="Flag" time="0.001"/>
  <system-out>
    <![CDATA[Login test case]]>
  </system-out>
  <testcase classname="testNGFlags.Flag3" name="Flag" time="0.000"/>
  <system-out>
    <![CDATA[Login test case]]>
  </system-out>
  <testcase classname="testNGFlags.Flag3" name="Flag" time="0.000"/>
  <system-out>
    <![CDATA[Login test case]]>
  </system-out>
  <testcase classname="testNGFlags.Flag3" name="Flag" time="0.000"/>
  <system-out>
    <![CDATA[Login test case]]>
  </system-out>
  <testcase classname="testNGFlags.Flag3" name="Flag" time="0.000"/>
  <system-out>
    <![CDATA[Login test case]]>
  </system-out>
  <testcase classname="testNGFlags.Flag3" name="Flag" time="0.000"/>
  <system-out>
    <![CDATA[Login test case]]>
  </system-out>
  <testcase classname="testNGFlags.Flag3" name="Flag" time="0.000"/>
  <system-out>
    <![CDATA[Login test case]]>
  </system-out>
  <testcase classname="testNGFlags.Flag3" name="Flag" time="0.000"/>
  <system-out>
    <![CDATA[Login test case]]>
  </system-out>
  <testcase classname="testNGFlags.Flag3" name="Flag" time="0.000"/>
  <system-out>
    <![CDATA[Login test case]]>
  </system-out>
  <testcase classname="testNGFlags.Flag3" name="Flag" time="0.000"/>
  <system-out>
    <![CDATA[Login test case]]>
  </system-out>
  <testcase classname="testNGFlags.Flag3" name="Flag" time="0.000"/>
  <system-out>
    <![CDATA[Login test case]]>
  </system-out>
  <testcase classname="testNGFlags.Flag3" name="Flag" time="0.001"/>
  <system-out>
    <![CDATA[Login test case]]>
  </system-out>
  <testcase classname="testNGFlags.Flag3" name="Flag" time="0.000"/>
  <system-out>
    <![CDATA[Login test case]]>
  </system-out>
  <testcase classname="testNGFlags.Flag3" name="Flag" time="0.000"/>
  <system-out>
    <![CDATA[Login test case]]>
  </system-out>
  <testcase classname="testNGFlags.Flag3" name="Flag" time="0.000"/>
  <system-out>
    <![CDATA[Login test case]]>
  </system-out>
  <testcase classname="testNGFlags.Flag3" name="Flag" time="0.000"/>
  <system-out>
    <![CDATA[Login test case]]>
  </system-out>
  <testcase classname="testNGFlags.Flag3" name="Flag" time="0.000"/>
  <system-out>
    <![CDATA[Login test case]]>
  </system-out>
  <testcase classname="testNGFlags.Flag3" name="Flag" time="0.001"/>
  <system-out>
    <![CDATA[Login test case]]>
  </system-out>
  <testcase classname="testNGFlags.Flag3" name="Flag" time="0.000"/>
  <system-out>
    <![CDATA[Login test case]]>
  </system-out>
  <testcase classname="testNGFlags.Flag3" name="Flag" time="0.000"/>
  <system-out>
    <![CDATA[Login test case]]>
  </system-out>
  <testcase classname="testNGFlags.Flag3" name="Flag" time="0.000"/>
  <system-out>
    <![CDATA[Login test case]]>
  </system-out>
  <testcase classname="testNGFlags.Flag3" name="Flag" time="0.001"/>
  <system-out>
    <![CDATA[Login test case]]>
  </system-out>
  <testcase classname="testNGFlags.Flag3" name="Flag" time="0.001"/>
  <system-out>
    <![CDATA[Login test case]]>
  </system-out>
  <testcase classname="testNGFlags.Flag3" name="Flag" time="0.001"/>
  <system-out>
    <![CDATA[Login test case]]>
  </system-out>
  <testcase classname="testNGFlags.Flag3" name="Flag" time="0.000"/>
  <system-out>
    <![CDATA[Login test case]]>
  </system-out>
  <testcase classname="testNGFlags.Flag3" name="Flag" time="0.000"/>
  <system-out>
    <![CDATA[Login test case]]>
  </system-out>
  <testcase classname="testNGFlags.Flag3" name="Flag" time="0.000"/>
  <system-out>
    <![CDATA[Login test case]]>
  </system-out>
  <testcase classname="testNGFlags.Flag3" name="Flag" time="0.001"/>
  <system-out>
    <![CDATA[Login test case]]>
  </system-out>
  <testcase classname="testNGFlags.Flag3" name="Flag" time="0.001"/>
  <system-out>
    <![CDATA[Login test case]]>
  </system-out>
  <testcase classname="testNGFlags.Flag3" name="Flag" time="0.000"/>
  <system-out>
    <![CDATA[Login test case]]>
  </system-out>
  <testcase classname="testNGFlags.Flag3" name="Flag" time="0.000"/>
  <system-out>
    <![CDATA[Login test case]]>
  </system-out>
  <testcase classname="testNGFlags.Flag3" name="Flag" time="0.001"/>
  <system-out>
    <![CDATA[Login test case]]>
  </system-out>
  <testcase classname="testNGFlags.Flag3" name="Flag" time="0.000"/>
  <system-out>
    <![CDATA[Login test case]]>
  </system-out>
  <testcase classname="testNGFlags.Flag3" name="Flag" time="0.000"/>
  <system-out>
    <![CDATA[Login test case]]>
  </system-out>
  <testcase classname="testNGFlags.Flag3" name="Flag" time="0.000"/>
  <system-out>
    <![CDATA[Login test case]]>
  </system-out>
  <testcase classname="testNGFlags.Flag3" name="Flag" time="0.001"/>
  <system-out>
    <![CDATA[Login test case]]>
  </system-out>
  <testcase classname="testNGFlags.Flag3" name="Flag" time="0.001"/>
  <system-out>
    <![CDATA[Login test case]]>
  </system-out>
  <testcase classname="testNGFlags.Flag3" name="Flag" time="0.000"/>
  <system-out>
    <![CDATA[Login test case]]>
  </system-out>
  <testcase classname="testNGFlags.Flag3" name="Flag" time="0.000"/>
  <system-out>
    <![CDATA[Login test case]]>
  </system-out>
  <testcase classname="testNGFlags.Flag3" name="Flag" time="0.000"/>
  <system-out>
    <![CDATA[Login test case]]>
  </system-out>
  <testcase classname="testNGFlags.Flag3" name="Flag" time="0.000"/>
  <system-out>
    <![CDATA[Login test case]]>
  </system-out>
  <testcase classname="testNGFlags.Flag3" name="Flag" time="0.000"/>
  <system-out>
    <![CDATA[Login test case]]>
  </system-out>
  <testcase classname="testNGFlags.Flag3" name="Flag" time="0.000"/>
  <system-out>
    <![CDATA[Login test case]]>
  </system-out>
  <testcase classname="testNGFlags.Flag3" name="Flag" time="0.000"/>
  <system-out>
    <![CDATA[Login test case]]>
  </system-out>
  <testcase classname="testNGFlags.Flag3" name="Flag" time="0.001"/>
  <system-out>
    <![CDATA[Login test case]]>
  </system-out>
  <testcase classname="testNGFlags.Flag3" name="Flag" time="0.001"/>
  <system-out>
    <![CDATA[Login test case]]>
  </system-out>
  <testcase classname="testNGFlags.Flag3" name="Flag" time="0.000"/>
  <system-out>
    <![CDATA[Login test case]]>
  </system-out>
  <testcase classname="testNGFlags.Flag3" name="Flag" time="0.000"/>
  <system-out>
    <![CDATA[Login test case]]>
  </system-out>
  <testcase classname="testNGFlags.Flag3" name="Flag" time="0.000"/>
  <system-out>
    <![CDATA[Login test case]]>
  </system-out>
  <testcase classname="testNGFlags.Flag3" name="Flag" time="0.000"/>
  <system-out>
    <![CDATA[Login test case]]>
  </system-out>
  <testcase classname="testNGFlags.Flag3" name="Flag" time="0.000"/>
  <system-out>
    <![CDATA[Login test case]]>
  </system-out>
  <testcase classname="testNGFlags.Flag3" name="Flag" time="0.000"/>
  <system-out>
    <![CDATA[Login test case]]>
  </system-out>
  <testcase classname="testNGFlags.Flag3" name="Flag" time="0.000"/>
  <system-out>
    <![CDATA[Login test case]]>
  </system-out>
  <testcase classname="testNGFlags.Flag3" name="Flag" time="0.001"/>
  <system-out>
    <![CDATA[Login test case]]>
  </system-out>
  <testcase classname="testNGFlags.Flag3" name="Flag" time="0.001"/>
  <system-out>
    <![CDATA[Login test case]]>
  </system-out>
  <testcase classname="testNGFlags.Flag3" name="Flag" time="0.000"/>
  <system-out>
    <![CDATA[Login test case]]>
  </system-out>
  <testcase classname="testNGFlags.Flag3" name="Flag" time="0.000"/>
  <system-out>
    <![CDATA[Login test case]]>
  </system-out>
  <testcase classname="testNGFlags.Flag3" name="Flag" time="0.000"/>
  <system-out>
    <![CDATA[Login test case]]>
  </system-out>
  <testcase classname="testNGFlags.Flag3" name="Flag" time="0.000"/>
  <system-out>
    <![CDATA[Login test case]]>
  </system-out>
  <testcase classname="testNGFlags.Flag3" name="Flag" time="0.000"/>
  <system-out>
    <![CDATA[Login test case]]>
  </system-out>
  <testcase classname="testNGFlags.Flag3" name="Flag" time="0.001"/>
  <system-out>
    <![CDATA[Login test case]]>
  </system-out>
  <testcase classname="testNGFlags.Flag3" name="Flag" time="0.000"/>
  <system-out>
    <![CDATA[Login test case]]>
  </system-out>
  <testcase classname="testNGFlags.Flag3" name="Flag" time="0.001"/>
  <system-out>
    <![CDATA[Login test case]]>
  </system-out>
  <testcase classname="testNGFlags.Flag3" name="Flag" time="0.001"/>
  <system-out>
    <![CDATA[Login test case]]>
  </system-out>
  <testcase classname="testNGFlags.Flag3" name="Flag" time="0.000"/>
  <system-out>
    <![CDATA[Login test case]]>
  </system-out>
  <testcase classname="testNGFlags.Flag3" name="Flag" time="0.000"/>
  <system-out>
    <![CDATA[Login test case]]>
  </system-out>
  <testcase classname="testNGFlags.Flag3" name="Flag" time="0.000"/>
  <system-out>
    <![CDATA[Login test case]]>
  </system-out>
  <testcase classname="testNGFlags.Flag3" name="Flag" time="0.000"/>
  <system-out>
    <![CDATA[Login test case]]>
  </system-out>
  <testcase classname="testNGFlags.Flag3" name="Flag" time="0.001"/>
  <system-out>
    <![CDATA[Login test case]]>
  </system-out>
  <testcase classname="testNGFlags.Flag3" name="Flag" time="0.000"/>
  <system-out>
    <![CDATA[Login test case]]>
  </system-out>
  <testcase classname="testNGFlags.Flag3" name="Flag" time="0.000"/>
  <system-out>
    <![CDATA[Login test case]]>
  </system-out>
  <testcase classname="testNGFlags.Flag3" name="Flag" time="0.001"/>
  <system-out>
    <![CDATA[Login test case]]>
  </system-out>
  <testcase classname="testNGFlags.Flag3" name="Flag" time="0.000"/>
  <system-out>
    <![CDATA[Login test case]]>
  </system-out>
  <testcase classname="testNGFlags.Flag3" name="Flag" time="0.000"/>
  <system-out>
    <![CDATA[Login test case]]>
  </system-out>
  <testcase classname="testNGFlags.Flag3" name="Flag" time="0.000"/>
  <system-out>
    <![CDATA[Login test case]]>
  </system-out>
  <testcase classname="testNGFlags.Flag3" name="Flag" time="0.000"/>
  <system-out>
    <![CDATA[Login test case]]>
  </system-out>
  <testcase classname="testNGFlags.Flag3" name="Flag" time="0.000"/>
  <system-out>
    <![CDATA[Login test case]]>
  </system-out>
  <testcase classname="testNGFlags.Flag3" name="Flag" time="0.001"/>
  <system-out>
    <![CDATA[Login test case]]>
  </system-out>
  <testcase classname="testNGFlags.Flag3" name="Flag" time="0.000"/>
  <system-out>
    <![CDATA[Login test case]]>
  </system-out>
  <testcase classname="testNGFlags.Flag3" name="Flag" time="0.001"/>
  <system-out>
    <![CDATA[Login test case]]>
  </system-out>
  <testcase classname="testNGFlags.Flag3" name="Flag" time="0.000"/>
  <system-out>
    <![CDATA[Login test case]]>
  </system-out>
  <testcase classname="testNGFlags.Flag3" name="Flag" time="0.001"/>
  <system-out>
    <![CDATA[Login test case]]>
  </system-out>
  <testcase classname="testNGFlags.Flag3" name="Flag" time="0.001"/>
  <system-out>
    <![CDATA[Login test case]]>
  </system-out>
  <testcase classname="testNGFlags.Flag3" name="Flag" time="0.000"/>
  <system-out>
    <![CDATA[Login test case]]>
  </system-out>
  <testcase classname="testNGFlags.Flag3" name="Flag" time="0.000"/>
  <system-out>
    <![CDATA[Login test case]]>
  </system-out>
  <testcase classname="testNGFlags.Flag3" name="Flag" time="0.000"/>
  <system-out>
    <![CDATA[Login test case]]>
  </system-out>
  <testcase classname="testNGFlags.Flag3" name="Flag" time="0.000"/>
  <system-out>
    <![CDATA[Login test case]]>
  </system-out>
  <testcase classname="testNGFlags.Flag3" name="Flag" time="0.000"/>
  <system-out>
    <![CDATA[Login test case]]>
  </system-out>
  <testcase classname="testNGFlags.Flag3" name="Flag" time="0.000"/>
  <system-out>
    <![CDATA[Login test case]]>
  </system-out>
  <testcase classname="testNGFlags.Flag3" name="Flag" time="0.000"/>
  <system-out>
    <![CDATA[Login test case]]>
  </system-out>
  <testcase classname="testNGFlags.Flag3" name="Flag" time="0.000"/>
  <system-out>
    <![CDATA[Login test case]]>
  </system-out>
  <testcase classname="testNGFlags.Flag3" name="Flag" time="0.000"/>
  <system-out>
    <![CDATA[Login test case]]>
  </system-out>
  <testcase classname="testNGFlags.Flag3" name="Flag" time="0.001"/>
  <system-out>
    <![CDATA[Login test case]]>
  </system-out>
  <testcase classname="testNGFlags.Flag3" name="Flag" time="0.000"/>
  <system-out>
    <![CDATA[Login test case]]>
  </system-out>
  <testcase classname="testNGFlags.Flag3" name="Flag" time="0.000"/>
  <system-out>
    <![CDATA[Login test case]]>
  </system-out>
  <testcase classname="testNGFlags.Flag3" name="Flag" time="0.000"/>
  <system-out>
    <![CDATA[Login test case]]>
  </system-out>
  <testcase classname="testNGFlags.Flag3" name="Flag" time="0.000"/>
  <system-out>
    <![CDATA[Login test case]]>
  </system-out>
  <testcase classname="testNGFlags.Flag3" name="Flag" time="0.000"/>
  <system-out>
    <![CDATA[Login test case]]>
  </system-out>
  <testcase classname="testNGFlags.Flag3" name="Flag" time="0.000"/>
  <system-out>
    <![CDATA[Login test case]]>
  </system-out>
  <testcase classname="testNGFlags.Flag3" name="Flag" time="0.000"/>
  <system-out>
    <![CDATA[Login test case]]>
  </system-out>
  <testcase classname="testNGFlags.Flag3" name="Flag" time="0.001"/>
  <system-out>
    <![CDATA[Login test case]]>
  </system-out>
  <testcase classname="testNGFlags.Flag3" name="Flag" time="0.001"/>
  <system-out>
    <![CDATA[Login test case]]>
  </system-out>
  <testcase classname="testNGFlags.Flag3" name="Flag" time="0.001"/>
  <system-out>
    <![CDATA[Login test case]]>
  </system-out>
  <testcase classname="testNGFlags.Flag3" name="Flag" time="0.000"/>
  <system-out>
    <![CDATA[Login test case]]>
  </system-out>
  <testcase classname="testNGFlags.Flag3" name="Flag" time="0.000"/>
  <system-out>
    <![CDATA[Login test case]]>
  </system-out>
  <testcase classname="testNGFlags.Flag3" name="Flag" time="0.001"/>
  <system-out>
    <![CDATA[Login test case]]>
  </system-out>
  <testcase classname="testNGFlags.Flag3" name="Flag" time="0.000"/>
  <system-out>
    <![CDATA[Login test case]]>
  </system-out>
  <testcase classname="testNGFlags.Flag3" name="Flag" time="0.000"/>
  <system-out>
    <![CDATA[Login test case]]>
  </system-out>
  <testcase classname="testNGFlags.Flag3" name="Flag" time="0.000"/>
  <system-out>
    <![CDATA[Login test case]]>
  </system-out>
  <testcase classname="testNGFlags.Flag3" name="Flag" time="0.000"/>
  <system-out>
    <![CDATA[Login test case]]>
  </system-out>
  <testcase classname="testNGFlags.Flag3" name="Flag" time="0.001"/>
  <system-out>
    <![CDATA[Login test case]]>
  </system-out>
  <testcase classname="testNGFlags.Flag3" name="Flag" time="0.001"/>
  <system-out>
    <![CDATA[Login test case]]>
  </system-out>
  <testcase classname="testNGFlags.Flag3" name="Flag" time="0.000"/>
  <system-out>
    <![CDATA[Login test case]]>
  </system-out>
  <testcase classname="testNGFlags.Flag3" name="Flag" time="0.000"/>
  <system-out>
    <![CDATA[Login test case]]>
  </system-out>
  <testcase classname="testNGFlags.Flag3" name="Flag" time="0.000"/>
  <system-out>
    <![CDATA[Login test case]]>
  </system-out>
  <testcase classname="testNGFlags.Flag3" name="Flag" time="0.000"/>
  <system-out>
    <![CDATA[Login test case]]>
  </system-out>
  <testcase classname="testNGFlags.Flag3" name="Flag" time="0.000"/>
  <system-out>
    <![CDATA[Login test case]]>
  </system-out>
  <testcase classname="testNGFlags.Flag3" name="Flag" time="0.001"/>
  <system-out>
    <![CDATA[Login test case]]>
  </system-out>
  <testcase classname="testNGFlags.Flag3" name="Flag" time="0.000"/>
  <system-out>
    <![CDATA[Login test case]]>
  </system-out>
  <testcase classname="testNGFlags.Flag3" name="Flag" time="0.000"/>
  <system-out>
    <![CDATA[Login test case]]>
  </system-out>
  <testcase classname="testNGFlags.Flag3" name="Flag" time="0.000"/>
  <system-out>
    <![CDATA[Login test case]]>
  </system-out>
  <testcase classname="testNGFlags.Flag3" name="Flag" time="0.000"/>
  <system-out>
    <![CDATA[Login test case]]>
  </system-out>
  <testcase classname="testNGFlags.Flag3" name="Flag" time="0.000"/>
  <system-out>
    <![CDATA[Login test case]]>
  </system-out>
  <testcase classname="testNGFlags.Flag3" name="Flag" time="0.000"/>
  <system-out>
    <![CDATA[Login test case]]>
  </system-out>
  <testcase classname="testNGFlags.Flag3" name="Flag" time="0.000"/>
  <system-out>
    <![CDATA[Login test case]]>
  </system-out>
  <testcase classname="testNGFlags.Flag3" name="Flag" time="0.000"/>
  <system-out>
    <![CDATA[Login test case]]>
  </system-out>
  <testcase classname="testNGFlags.Flag3" name="Flag" time="0.000"/>
  <system-out>
    <![CDATA[Login test case]]>
  </system-out>
  <testcase classname="testNGFlags.Flag3" name="Flag" time="0.000"/>
  <system-out>
    <![CDATA[Login test case]]>
  </system-out>
  <testcase classname="testNGFlags.Flag3" name="Flag" time="0.001"/>
  <system-out>
    <![CDATA[Login test case]]>
  </system-out>
  <testcase classname="testNGFlags.Flag3" name="Flag" time="0.000"/>
  <system-out>
    <![CDATA[Login test case]]>
  </system-out>
  <testcase classname="testNGFlags.Flag3" name="Flag" time="0.000"/>
  <system-out>
    <![CDATA[Login test case]]>
  </system-out>
  <testcase classname="testNGFlags.Flag3" name="Flag" time="0.000"/>
  <system-out>
    <![CDATA[Login test case]]>
  </system-out>
  <testcase classname="testNGFlags.Flag3" name="Flag" time="0.000"/>
  <system-out>
    <![CDATA[Login test case]]>
  </system-out>
  <testcase classname="testNGFlags.Flag3" name="Flag" time="0.000"/>
  <system-out>
    <![CDATA[Login test case]]>
  </system-out>
  <testcase classname="testNGFlags.Flag3" name="Flag" time="0.001"/>
  <system-out>
    <![CDATA[Login test case]]>
  </system-out>
  <testcase classname="testNGFlags.Flag3" name="Flag" time="0.000"/>
  <system-out>
    <![CDATA[Login test case]]>
  </system-out>
  <testcase classname="testNGFlags.Flag3" name="Flag" time="0.000"/>
  <system-out>
    <![CDATA[Login test case]]>
  </system-out>
  <testcase classname="testNGFlags.Flag3" name="Flag" time="0.001"/>
  <system-out>
    <![CDATA[Login test case]]>
  </system-out>
  <testcase classname="testNGFlags.Flag3" name="Flag" time="0.000"/>
  <system-out>
    <![CDATA[Login test case]]>
  </system-out>
  <testcase classname="testNGFlags.Flag3" name="Flag" time="0.001"/>
  <system-out>
    <![CDATA[Login test case]]>
  </system-out>
  <testcase classname="testNGFlags.Flag3" name="Flag" time="0.001"/>
  <system-out>
    <![CDATA[Login test case]]>
  </system-out>
  <testcase classname="testNGFlags.Flag3" name="Flag" time="0.000"/>
  <system-out>
    <![CDATA[Login test case]]>
  </system-out>
  <testcase classname="testNGFlags.Flag3" name="Flag" time="0.000"/>
  <system-out>
    <![CDATA[Login test case]]>
  </system-out>
  <testcase classname="testNGFlags.Flag3" name="Flag" time="0.001"/>
  <system-out>
    <![CDATA[Login test case]]>
  </system-out>
  <testcase classname="testNGFlags.Flag3" name="Flag" time="0.001"/>
  <system-out>
    <![CDATA[Login test case]]>
  </system-out>
  <testcase classname="testNGFlags.Flag3" name="Flag" time="0.000"/>
  <system-out>
    <![CDATA[Login test case]]>
  </system-out>
  <testcase classname="testNGFlags.Flag3" name="Flag" time="0.000"/>
  <system-out>
    <![CDATA[Login test case]]>
  </system-out>
  <testcase classname="testNGFlags.Flag3" name="Flag" time="0.000"/>
  <system-out>
    <![CDATA[Login test case]]>
  </system-out>
  <testcase classname="testNGFlags.Flag3" name="Flag" time="0.000"/>
  <system-out>
    <![CDATA[Login test case]]>
  </system-out>
  <testcase classname="testNGFlags.Flag3" name="Flag" time="0.000"/>
  <system-out>
    <![CDATA[Login test case]]>
  </system-out>
  <testcase classname="testNGFlags.Flag3" name="Flag" time="0.001"/>
  <system-out>
    <![CDATA[Login test case]]>
  </system-out>
  <testcase classname="testNGFlags.Flag3" name="Flag" time="0.000"/>
  <system-out>
    <![CDATA[Login test case]]>
  </system-out>
  <testcase classname="testNGFlags.Flag3" name="Flag" time="0.000"/>
  <system-out>
    <![CDATA[Login test case]]>
  </system-out>
  <testcase classname="testNGFlags.Flag3" name="Flag" time="0.000"/>
  <system-out>
    <![CDATA[Login test case]]>
  </system-out>
  <testcase classname="testNGFlags.Flag3" name="Flag" time="0.000"/>
  <system-out>
    <![CDATA[Login test case]]>
  </system-out>
  <testcase classname="testNGFlags.Flag3" name="Flag" time="0.000"/>
  <system-out>
    <![CDATA[Login test case]]>
  </system-out>
  <testcase classname="testNGFlags.Flag3" name="Flag" time="0.000"/>
  <system-out>
    <![CDATA[Login test case]]>
  </system-out>
  <testcase classname="testNGFlags.Flag3" name="Flag" time="0.000"/>
  <system-out>
    <![CDATA[Login test case]]>
  </system-out>
  <testcase classname="testNGFlags.Flag3" name="Flag" time="0.000"/>
  <system-out>
    <![CDATA[Login test case]]>
  </system-out>
  <testcase classname="testNGFlags.Flag3" name="Flag" time="0.000"/>
  <system-out>
    <![CDATA[Login test case]]>
  </system-out>
  <testcase classname="testNGFlags.Flag3" name="Flag" time="0.000"/>
  <system-out>
    <![CDATA[Login test case]]>
  </system-out>
  <testcase classname="testNGFlags.Flag3" name="Flag" time="0.000"/>
  <system-out>
    <![CDATA[Login test case]]>
  </system-out>
  <testcase classname="testNGFlags.Flag3" name="Flag" time="0.000"/>
  <system-out>
    <![CDATA[Login test case]]>
  </system-out>
  <testcase classname="testNGFlags.Flag3" name="Flag" time="0.000"/>
  <system-out>
    <![CDATA[Login test case]]>
  </system-out>
  <testcase classname="testNGFlags.Flag3" name="Flag" time="0.000"/>
  <system-out>
    <![CDATA[Login test case]]>
  </system-out>
  <testcase classname="testNGFlags.Flag3" name="Flag" time="0.000"/>
  <system-out>
    <![CDATA[Login test case]]>
  </system-out>
  <testcase classname="testNGFlags.Flag3" name="Flag" time="0.000"/>
  <system-out>
    <![CDATA[Login test case]]>
  </system-out>
  <testcase classname="testNGFlags.Flag3" name="Flag" time="0.000"/>
  <system-out>
    <![CDATA[Login test case]]>
  </system-out>
  <testcase classname="testNGFlags.Flag3" name="Flag" time="0.000"/>
  <system-out>
    <![CDATA[Login test case]]>
  </system-out>
  <testcase classname="testNGFlags.Flag3" name="Flag" time="0.001"/>
  <system-out>
    <![CDATA[Login test case]]>
  </system-out>
  <testcase classname="testNGFlags.Flag3" name="Flag" time="0.000"/>
  <system-out>
    <![CDATA[Login test case]]>
  </system-out>
  <testcase classname="testNGFlags.Flag3" name="Flag" time="0.000"/>
  <system-out>
    <![CDATA[Login test case]]>
  </system-out>
  <testcase classname="testNGFlags.Flag3" name="Flag" time="0.000"/>
  <system-out>
    <![CDATA[Login test case]]>
  </system-out>
  <testcase classname="testNGFlags.Flag3" name="Flag" time="0.000"/>
  <system-out>
    <![CDATA[Login test case]]>
  </system-out>
  <testcase classname="testNGFlags.Flag3" name="Flag" time="0.000"/>
  <system-out>
    <![CDATA[Login test case]]>
  </system-out>
  <testcase classname="testNGFlags.Flag3" name="Flag" time="0.001"/>
  <system-out>
    <![CDATA[Login test case]]>
  </system-out>
  <testcase classname="testNGFlags.Flag3" name="Flag" time="0.000"/>
  <system-out>
    <![CDATA[Login test case]]>
  </system-out>
  <testcase classname="testNGFlags.Flag3" name="Flag" time="0.000"/>
  <system-out>
    <![CDATA[Login test case]]>
  </system-out>
  <testcase classname="testNGFlags.Flag3" name="Flag" time="0.000"/>
  <system-out>
    <![CDATA[Login test case]]>
  </system-out>
  <testcase classname="testNGFlags.Flag3" name="Flag" time="0.000"/>
  <system-out>
    <![CDATA[Login test case]]>
  </system-out>
  <testcase classname="testNGFlags.Flag3" name="Flag" time="0.000"/>
  <system-out>
    <![CDATA[Login test case]]>
  </system-out>
  <testcase classname="testNGFlags.Flag3" name="Flag" time="0.000"/>
  <system-out>
    <![CDATA[Login test case]]>
  </system-out>
  <testcase classname="testNGFlags.Flag3" name="Flag" time="0.000"/>
  <system-out>
    <![CDATA[Login test case]]>
  </system-out>
  <testcase classname="testNGFlags.Flag3" name="Flag" time="0.001"/>
  <system-out>
    <![CDATA[Login test case]]>
  </system-out>
  <testcase classname="testNGFlags.Flag3" name="Flag" time="0.001"/>
  <system-out>
    <![CDATA[Login test case]]>
  </system-out>
  <testcase classname="testNGFlags.Flag3" name="Flag" time="0.000"/>
  <system-out>
    <![CDATA[Login test case]]>
  </system-out>
  <testcase classname="testNGFlags.Flag3" name="Flag" time="0.000"/>
  <system-out>
    <![CDATA[Login test case]]>
  </system-out>
  <testcase classname="testNGFlags.Flag3" name="Flag" time="0.000"/>
  <system-out>
    <![CDATA[Login test case]]>
  </system-out>
  <testcase classname="testNGFlags.Flag3" name="Flag" time="0.000"/>
  <system-out>
    <![CDATA[Login test case]]>
  </system-out>
  <testcase classname="testNGFlags.Flag3" name="Flag" time="0.000"/>
  <system-out>
    <![CDATA[Login test case]]>
  </system-out>
  <testcase classname="testNGFlags.Flag3" name="Flag" time="0.000"/>
  <system-out>
    <![CDATA[Login test case]]>
  </system-out>
  <testcase classname="testNGFlags.Flag3" name="Flag" time="0.000"/>
  <system-out>
    <![CDATA[Login test case]]>
  </system-out>
  <testcase classname="testNGFlags.Flag3" name="Flag" time="0.000"/>
  <system-out>
    <![CDATA[Login test case]]>
  </system-out>
  <testcase classname="testNGFlags.Flag3" name="Flag" time="0.000"/>
  <system-out>
    <![CDATA[Login test case]]>
  </system-out>
  <testcase classname="testNGFlags.Flag3" name="Flag" time="0.000"/>
  <system-out>
    <![CDATA[Login test case]]>
  </system-out>
  <testcase classname="testNGFlags.Flag3" name="Flag" time="0.000"/>
  <system-out>
    <![CDATA[Login test case]]>
  </system-out>
  <testcase classname="testNGFlags.Flag3" name="Flag" time="0.000"/>
  <system-out>
    <![CDATA[Login test case]]>
  </system-out>
  <testcase classname="testNGFlags.Flag3" name="Flag" time="0.000"/>
  <system-out>
    <![CDATA[Login test case]]>
  </system-out>
  <testcase classname="testNGFlags.Flag3" name="Flag" time="0.000"/>
  <system-out>
    <![CDATA[Login test case]]>
  </system-out>
  <testcase classname="testNGFlags.Flag3" name="Flag" time="0.000"/>
  <system-out>
    <![CDATA[Login test case]]>
  </system-out>
  <testcase classname="testNGFlags.Flag3" name="Flag" time="0.000"/>
  <system-out>
    <![CDATA[Login test case]]>
  </system-out>
  <testcase classname="testNGFlags.Flag3" name="Flag" time="0.000"/>
  <system-out>
    <![CDATA[Login test case]]>
  </system-out>
  <testcase classname="testNGFlags.Flag3" name="Flag" time="0.000"/>
  <system-out>
    <![CDATA[Login test case]]>
  </system-out>
  <testcase classname="testNGFlags.Flag3" name="Flag" time="0.000"/>
  <system-out>
    <![CDATA[Login test case]]>
  </system-out>
  <testcase classname="testNGFlags.Flag3" name="Flag" time="0.001"/>
  <system-out>
    <![CDATA[Login test case]]>
  </system-out>
  <testcase classname="testNGFlags.Flag3" name="Flag" time="0.000"/>
  <system-out>
    <![CDATA[Login test case]]>
  </system-out>
  <testcase classname="testNGFlags.Flag3" name="Flag" time="0.000"/>
  <system-out>
    <![CDATA[Login test case]]>
  </system-out>
  <testcase classname="testNGFlags.Flag3" name="Flag" time="0.000"/>
  <system-out>
    <![CDATA[Login test case]]>
  </system-out>
  <testcase classname="testNGFlags.Flag3" name="Flag" time="0.001"/>
  <system-out>
    <![CDATA[Login test case]]>
  </system-out>
  <testcase classname="testNGFlags.Flag3" name="Flag" time="0.000"/>
  <system-out>
    <![CDATA[Login test case]]>
  </system-out>
  <testcase classname="testNGFlags.Flag3" name="Flag" time="0.000"/>
  <system-out>
    <![CDATA[Login test case]]>
  </system-out>
  <testcase classname="testNGFlags.Flag3" name="Flag" time="0.000"/>
  <system-out>
    <![CDATA[Login test case]]>
  </system-out>
  <testcase classname="testNGFlags.Flag3" name="Flag" time="0.001"/>
  <system-out>
    <![CDATA[Login test case]]>
  </system-out>
  <testcase classname="testNGFlags.Flag3" name="Flag" time="0.000"/>
  <system-out>
    <![CDATA[Login test case]]>
  </system-out>
  <testcase classname="testNGFlags.Flag3" name="Flag" time="0.001"/>
  <system-out>
    <![CDATA[Login test case]]>
  </system-out>
  <testcase classname="testNGFlags.Flag3" name="Flag" time="0.000"/>
  <system-out>
    <![CDATA[Login test case]]>
  </system-out>
  <testcase classname="testNGFlags.Flag3" name="Flag" time="0.001"/>
  <system-out>
    <![CDATA[Login test case]]>
  </system-out>
  <testcase classname="testNGFlags.Flag3" name="Flag" time="0.000"/>
  <system-out>
    <![CDATA[Login test case]]>
  </system-out>
  <testcase classname="testNGFlags.Flag3" name="Flag" time="0.000"/>
  <system-out>
    <![CDATA[Login test case]]>
  </system-out>
  <testcase classname="testNGFlags.Flag3" name="Flag" time="0.000"/>
  <system-out>
    <![CDATA[Login test case]]>
  </system-out>
  <testcase classname="testNGFlags.Flag3" name="Flag" time="0.000"/>
  <system-out>
    <![CDATA[Login test case]]>
  </system-out>
  <testcase classname="testNGFlags.Flag3" name="Flag" time="0.000"/>
  <system-out>
    <![CDATA[Login test case]]>
  </system-out>
  <testcase classname="testNGFlags.Flag3" name="Flag" time="0.001"/>
  <system-out>
    <![CDATA[Login test case]]>
  </system-out>
  <testcase classname="testNGFlags.Flag3" name="Flag" time="0.000"/>
  <system-out>
    <![CDATA[Login test case]]>
  </system-out>
  <testcase classname="testNGFlags.Flag3" name="Flag" time="0.000"/>
  <system-out>
    <![CDATA[Login test case]]>
  </system-out>
  <testcase classname="testNGFlags.Flag3" name="Flag" time="0.000"/>
  <system-out>
    <![CDATA[Login test case]]>
  </system-out>
  <testcase classname="testNGFlags.Flag3" name="Flag" time="0.000"/>
  <system-out>
    <![CDATA[Login test case]]>
  </system-out>
  <testcase classname="testNGFlags.Flag3" name="Flag" time="0.000"/>
  <system-out>
    <![CDATA[Login test case]]>
  </system-out>
  <testcase classname="testNGFlags.Flag3" name="Flag" time="0.001"/>
  <system-out>
    <![CDATA[Login test case]]>
  </system-out>
  <testcase classname="testNGFlags.Flag3" name="Flag" time="0.000"/>
  <system-out>
    <![CDATA[Login test case]]>
  </system-out>
  <testcase classname="testNGFlags.Flag3" name="Flag" time="0.000"/>
  <system-out>
    <![CDATA[Login test case]]>
  </system-out>
  <testcase classname="testNGFlags.Flag3" name="Flag" time="0.001"/>
  <system-out>
    <![CDATA[Login test case]]>
  </system-out>
  <testcase classname="testNGFlags.Flag3" name="Flag" time="0.000"/>
  <system-out>
    <![CDATA[Login test case]]>
  </system-out>
  <testcase classname="testNGFlags.Flag3" name="Flag" time="0.000"/>
  <system-out>
    <![CDATA[Login test case]]>
  </system-out>
  <testcase classname="testNGFlags.Flag3" name="Flag" time="0.000"/>
  <system-out>
    <![CDATA[Login test case]]>
  </system-out>
  <testcase classname="testNGFlags.Flag3" name="Flag" time="0.000"/>
  <system-out>
    <![CDATA[Login test case]]>
  </system-out>
  <testcase classname="testNGFlags.Flag3" name="Flag" time="0.000"/>
  <system-out>
    <![CDATA[Login test case]]>
  </system-out>
  <testcase classname="testNGFlags.Flag3" name="Flag" time="0.000"/>
  <system-out>
    <![CDATA[Login test case]]>
  </system-out>
  <testcase classname="testNGFlags.Flag3" name="Flag" time="0.001"/>
  <system-out>
    <![CDATA[Login test case]]>
  </system-out>
  <testcase classname="testNGFlags.Flag3" name="Flag" time="0.000"/>
  <system-out>
    <![CDATA[Login test case]]>
  </system-out>
  <testcase classname="testNGFlags.Flag3" name="Flag" time="0.000"/>
  <system-out>
    <![CDATA[Login test case]]>
  </system-out>
  <testcase classname="testNGFlags.Flag3" name="Flag" time="0.000"/>
  <system-out>
    <![CDATA[Login test case]]>
  </system-out>
  <testcase classname="testNGFlags.Flag3" name="Flag" time="0.000"/>
  <system-out>
    <![CDATA[Login test case]]>
  </system-out>
  <testcase classname="testNGFlags.Flag3" name="Flag" time="0.000"/>
  <system-out>
    <![CDATA[Login test case]]>
  </system-out>
  <testcase classname="testNGFlags.Flag3" name="Flag" time="0.000"/>
  <system-out>
    <![CDATA[Login test case]]>
  </system-out>
  <testcase classname="testNGFlags.Flag3" name="Flag" time="0.001"/>
  <system-out>
    <![CDATA[Login test case]]>
  </system-out>
  <testcase classname="testNGFlags.Flag3" name="Flag" time="0.000"/>
  <system-out>
    <![CDATA[Login test case]]>
  </system-out>
  <testcase classname="testNGFlags.Flag3" name="Flag" time="0.000"/>
  <system-out>
    <![CDATA[Login test case]]>
  </system-out>
  <testcase classname="testNGFlags.Flag3" name="Flag" time="0.000"/>
  <system-out>
    <![CDATA[Login test case]]>
  </system-out>
  <testcase classname="testNGFlags.Flag3" name="Flag" time="0.000"/>
  <system-out>
    <![CDATA[Login test case]]>
  </system-out>
  <testcase classname="testNGFlags.Flag3" name="Flag" time="0.001"/>
  <system-out>
    <![CDATA[Login test case]]>
  </system-out>
  <testcase classname="testNGFlags.Flag3" name="Flag" time="0.000"/>
  <system-out>
    <![CDATA[Login test case]]>
  </system-out>
  <testcase classname="testNGFlags.Flag3" name="Flag" time="0.000"/>
  <system-out>
    <![CDATA[Login test case]]>
  </system-out>
  <testcase classname="testNGFlags.Flag3" name="Flag" time="0.000"/>
  <system-out>
    <![CDATA[Login test case]]>
  </system-out>
  <testcase classname="testNGFlags.Flag3" name="Flag" time="0.000"/>
  <system-out>
    <![CDATA[Login test case]]>
  </system-out>
  <testcase classname="testNGFlags.Flag3" name="Flag" time="0.000"/>
  <system-out>
    <![CDATA[Login test case]]>
  </system-out>
  <testcase classname="testNGFlags.Flag3" name="Flag" time="0.000"/>
  <system-out>
    <![CDATA[Login test case]]>
  </system-out>
  <testcase classname="testNGFlags.Flag3" name="Flag" time="0.001"/>
  <system-out>
    <![CDATA[Login test case]]>
  </system-out>
  <testcase classname="testNGFlags.Flag3" name="Flag" time="0.000"/>
  <system-out>
    <![CDATA[Login test case]]>
  </system-out>
  <testcase classname="testNGFlags.Flag3" name="Flag" time="0.001"/>
  <system-out>
    <![CDATA[Login test case]]>
  </system-out>
  <testcase classname="testNGFlags.Flag3" name="Flag" time="0.000"/>
  <system-out>
    <![CDATA[Login test case]]>
  </system-out>
  <testcase classname="testNGFlags.Flag3" name="Flag" time="0.000"/>
  <system-out>
    <![CDATA[Login test case]]>
  </system-out>
  <testcase classname="testNGFlags.Flag3" name="Flag" time="0.001"/>
  <system-out>
    <![CDATA[Login test case]]>
  </system-out>
  <testcase classname="testNGFlags.Flag3" name="Flag" time="0.000"/>
  <system-out>
    <![CDATA[Login test case]]>
  </system-out>
  <testcase classname="testNGFlags.Flag3" name="Flag" time="0.000"/>
  <system-out>
    <![CDATA[Login test case]]>
  </system-out>
  <testcase classname="testNGFlags.Flag3" name="Flag" time="0.000"/>
  <system-out>
    <![CDATA[Login test case]]>
  </system-out>
  <testcase classname="testNGFlags.Flag3" name="Flag" time="0.001"/>
  <system-out>
    <![CDATA[Login test case]]>
  </system-out>
  <testcase classname="testNGFlags.Flag3" name="Flag" time="0.001"/>
  <system-out>
    <![CDATA[Login test case]]>
  </system-out>
  <testcase classname="testNGFlags.Flag3" name="Flag" time="0.000"/>
  <system-out>
    <![CDATA[Login test case]]>
  </system-out>
  <testcase classname="testNGFlags.Flag3" name="Flag" time="0.000"/>
  <system-out>
    <![CDATA[Login test case]]>
  </system-out>
  <testcase classname="testNGFlags.Flag3" name="Flag" time="0.001"/>
  <system-out>
    <![CDATA[Login test case]]>
  </system-out>
  <testcase classname="testNGFlags.Flag3" name="Flag" time="0.000"/>
  <system-out>
    <![CDATA[Login test case]]>
  </system-out>
  <testcase classname="testNGFlags.Flag3" name="Flag" time="0.000"/>
  <system-out>
    <![CDATA[Login test case]]>
  </system-out>
  <testcase classname="testNGFlags.Flag3" name="Flag" time="0.000"/>
  <system-out>
    <![CDATA[Login test case]]>
  </system-out>
  <testcase classname="testNGFlags.Flag3" name="Flag" time="0.000"/>
  <system-out>
    <![CDATA[Login test case]]>
  </system-out>
  <testcase classname="testNGFlags.Flag3" name="Flag" time="0.000"/>
  <system-out>
    <![CDATA[Login test case]]>
  </system-out>
  <testcase classname="testNGFlags.Flag3" name="Flag" time="0.000"/>
  <system-out>
    <![CDATA[Login test case]]>
  </system-out>
  <testcase classname="testNGFlags.Flag3" name="Flag" time="0.001"/>
  <system-out>
    <![CDATA[Login test case]]>
  </system-out>
  <testcase classname="testNGFlags.Flag3" name="Flag" time="0.000"/>
  <system-out>
    <![CDATA[Login test case]]>
  </system-out>
  <testcase classname="testNGFlags.Flag3" name="Flag" time="0.000"/>
  <system-out>
    <![CDATA[Login test case]]>
  </system-out>
  <testcase classname="testNGFlags.Flag3" name="Flag" time="0.000"/>
  <system-out>
    <![CDATA[Login test case]]>
  </system-out>
  <testcase classname="testNGFlags.Flag3" name="Flag" time="0.000"/>
  <system-out>
    <![CDATA[Login test case]]>
  </system-out>
  <testcase classname="testNGFlags.Flag3" name="Flag" time="0.001"/>
  <system-out>
    <![CDATA[Login test case]]>
  </system-out>
  <testcase classname="testNGFlags.Flag3" name="Flag" time="0.000"/>
  <system-out>
    <![CDATA[Login test case]]>
  </system-out>
  <testcase classname="testNGFlags.Flag3" name="Flag" time="0.001"/>
  <system-out>
    <![CDATA[Login test case]]>
  </system-out>
  <testcase classname="testNGFlags.Flag3" name="Flag" time="0.000"/>
  <system-out>
    <![CDATA[Login test case]]>
  </system-out>
  <testcase classname="testNGFlags.Flag3" name="Flag" time="0.001"/>
  <system-out>
    <![CDATA[Login test case]]>
  </system-out>
  <testcase classname="testNGFlags.Flag3" name="Flag" time="0.000"/>
  <system-out>
    <![CDATA[Login test case]]>
  </system-out>
  <testcase classname="testNGFlags.Flag3" name="Flag" time="0.000"/>
  <system-out>
    <![CDATA[Login test case]]>
  </system-out>
  <testcase classname="testNGFlags.Flag3" name="Flag" time="0.000"/>
  <system-out>
    <![CDATA[Login test case]]>
  </system-out>
  <testcase classname="testNGFlags.Flag3" name="Flag" time="0.001"/>
  <system-out>
    <![CDATA[Login test case]]>
  </system-out>
  <testcase classname="testNGFlags.Flag3" name="Flag" time="0.000"/>
  <system-out>
    <![CDATA[Login test case]]>
  </system-out>
  <testcase classname="testNGFlags.Flag3" name="Flag" time="0.000"/>
  <system-out>
    <![CDATA[Login test case]]>
  </system-out>
  <testcase classname="testNGFlags.Flag3" name="Flag" time="0.001"/>
  <system-out>
    <![CDATA[Login test case]]>
  </system-out>
  <testcase classname="testNGFlags.Flag3" name="Flag" time="0.000"/>
  <system-out>
    <![CDATA[Login test case]]>
  </system-out>
  <testcase classname="testNGFlags.Flag3" name="Flag" time="0.000"/>
  <system-out>
    <![CDATA[Login test case]]>
  </system-out>
  <testcase classname="testNGFlags.Flag3" name="Flag" time="0.000"/>
  <system-out>
    <![CDATA[Login test case]]>
  </system-out>
  <testcase classname="testNGFlags.Flag3" name="Flag" time="0.000"/>
  <system-out>
    <![CDATA[Login test case]]>
  </system-out>
  <testcase classname="testNGFlags.Flag3" name="Flag" time="0.000"/>
  <system-out>
    <![CDATA[Login test case]]>
  </system-out>
  <testcase classname="testNGFlags.Flag3" name="Flag" time="0.000"/>
  <system-out>
    <![CDATA[Login test case]]>
  </system-out>
  <testcase classname="testNGFlags.Flag3" name="Flag" time="0.001"/>
  <system-out>
    <![CDATA[Login test case]]>
  </system-out>
  <testcase classname="testNGFlags.Flag3" name="Flag" time="0.000"/>
  <system-out>
    <![CDATA[Login test case]]>
  </system-out>
  <testcase classname="testNGFlags.Flag3" name="Flag" time="0.000"/>
  <system-out>
    <![CDATA[Login test case]]>
  </system-out>
  <testcase classname="testNGFlags.Flag3" name="Flag" time="0.001"/>
  <system-out>
    <![CDATA[Login test case]]>
  </system-out>
  <testcase classname="testNGFlags.Flag3" name="Flag" time="0.000"/>
  <system-out>
    <![CDATA[Login test case]]>
  </system-out>
  <testcase classname="testNGFlags.Flag3" name="Flag" time="0.000"/>
  <system-out>
    <![CDATA[Login test case]]>
  </system-out>
  <testcase classname="testNGFlags.Flag3" name="Flag" time="0.000"/>
  <system-out>
    <![CDATA[Login test case]]>
  </system-out>
  <testcase classname="testNGFlags.Flag3" name="Flag" time="0.000"/>
  <system-out>
    <![CDATA[Login test case]]>
  </system-out>
  <testcase classname="testNGFlags.Flag3" name="Flag" time="0.000"/>
  <system-out>
    <![CDATA[Login test case]]>
  </system-out>
  <testcase classname="testNGFlags.Flag3" name="Flag" time="0.000"/>
  <system-out>
    <![CDATA[Login test case]]>
  </system-out>
  <testcase classname="testNGFlags.Flag3" name="Flag" time="0.001"/>
  <system-out>
    <![CDATA[Login test case]]>
  </system-out>
  <testcase classname="testNGFlags.Flag3" name="Flag" time="0.000"/>
  <system-out>
    <![CDATA[Login test case]]>
  </system-out>
  <testcase classname="testNGFlags.Flag3" name="Flag" time="0.000"/>
  <system-out>
    <![CDATA[Login test case]]>
  </system-out>
  <testcase classname="testNGFlags.Flag3" name="Flag" time="0.000"/>
  <system-out>
    <![CDATA[Login test case]]>
  </system-out>
  <testcase classname="testNGFlags.Flag3" name="Flag" time="0.000"/>
  <system-out>
    <![CDATA[Login test case]]>
  </system-out>
  <testcase classname="testNGFlags.Flag3" name="Flag" time="0.000"/>
  <system-out>
    <![CDATA[Login test case]]>
  </system-out>
  <testcase classname="testNGFlags.Flag3" name="Flag" time="0.000"/>
  <system-out>
    <![CDATA[Login test case]]>
  </system-out>
  <testcase classname="testNGFlags.Flag3" name="Flag" time="0.000"/>
  <system-out>
    <![CDATA[Login test case]]>
  </system-out>
  <testcase classname="testNGFlags.Flag3" name="Flag" time="0.000"/>
  <system-out>
    <![CDATA[Login test case]]>
  </system-out>
  <testcase classname="testNGFlags.Flag3" name="Flag" time="0.000"/>
  <system-out>
    <![CDATA[Login test case]]>
  </system-out>
  <testcase classname="testNGFlags.Flag3" name="Flag" time="0.000"/>
  <system-out>
    <![CDATA[Login test case]]>
  </system-out>
  <testcase classname="testNGFlags.Flag3" name="Flag" time="0.000"/>
  <system-out>
    <![CDATA[Login test case]]>
  </system-out>
  <testcase classname="testNGFlags.Flag3" name="Flag" time="0.000"/>
  <system-out>
    <![CDATA[Login test case]]>
  </system-out>
  <testcase classname="testNGFlags.Flag3" name="Flag" time="0.000"/>
  <system-out>
    <![CDATA[Login test case]]>
  </system-out>
  <testcase classname="testNGFlags.Flag3" name="Flag" time="0.000"/>
  <system-out>
    <![CDATA[Login test case]]>
  </system-out>
  <testcase classname="testNGFlags.Flag3" name="Flag" time="0.000"/>
  <system-out>
    <![CDATA[Login test case]]>
  </system-out>
  <testcase classname="testNGFlags.Flag3" name="Flag" time="0.000"/>
  <system-out>
    <![CDATA[Login test case]]>
  </system-out>
  <testcase classname="testNGFlags.Flag3" name="Flag" time="0.001"/>
  <system-out>
    <![CDATA[Login test case]]>
  </system-out>
  <testcase classname="testNGFlags.Flag3" name="Flag" time="0.000"/>
  <system-out>
    <![CDATA[Login test case]]>
  </system-out>
  <testcase classname="testNGFlags.Flag3" name="Flag" time="0.000"/>
  <system-out>
    <![CDATA[Login test case]]>
  </system-out>
  <testcase classname="testNGFlags.Flag3" name="Flag" time="0.000"/>
  <system-out>
    <![CDATA[Login test case]]>
  </system-out>
  <testcase classname="testNGFlags.Flag3" name="Flag" time="0.000"/>
  <system-out>
    <![CDATA[Login test case]]>
  </system-out>
  <testcase classname="testNGFlags.Flag3" name="Flag" time="0.000"/>
  <system-out>
    <![CDATA[Login test case]]>
  </system-out>
  <testcase classname="testNGFlags.Flag3" name="Flag" time="0.000"/>
  <system-out>
    <![CDATA[Login test case]]>
  </system-out>
  <testcase classname="testNGFlags.Flag3" name="Flag" time="0.001"/>
  <system-out>
    <![CDATA[Login test case]]>
  </system-out>
  <testcase classname="testNGFlags.Flag3" name="Flag" time="0.000"/>
  <system-out>
    <![CDATA[Login test case]]>
  </system-out>
  <testcase classname="testNGFlags.Flag3" name="Flag" time="0.001"/>
  <system-out>
    <![CDATA[Login test case]]>
  </system-out>
  <testcase classname="testNGFlags.Flag3" name="Flag" time="0.000"/>
  <system-out>
    <![CDATA[Login test case]]>
  </system-out>
  <testcase classname="testNGFlags.Flag3" name="Flag" time="0.000"/>
  <system-out>
    <![CDATA[Login test case]]>
  </system-out>
  <testcase classname="testNGFlags.Flag3" name="Flag" time="0.000"/>
  <system-out>
    <![CDATA[Login test case]]>
  </system-out>
  <testcase classname="testNGFlags.Flag3" name="Flag" time="0.000"/>
  <system-out>
    <![CDATA[Login test case]]>
  </system-out>
  <testcase classname="testNGFlags.Flag3" name="Flag" time="0.000"/>
  <system-out>
    <![CDATA[Login test case]]>
  </system-out>
  <testcase classname="testNGFlags.Flag3" name="Flag" time="0.000"/>
  <system-out>
    <![CDATA[Login test case]]>
  </system-out>
  <testcase classname="testNGFlags.Flag3" name="Flag" time="0.001"/>
  <system-out>
    <![CDATA[Login test case]]>
  </system-out>
  <testcase classname="testNGFlags.Flag3" name="Flag" time="0.000"/>
  <system-out>
    <![CDATA[Login test case]]>
  </system-out>
  <testcase classname="testNGFlags.Flag3" name="Flag" time="0.001"/>
  <system-out>
    <![CDATA[Login test case]]>
  </system-out>
  <testcase classname="testNGFlags.Flag3" name="Flag" time="0.000"/>
  <system-out>
    <![CDATA[Login test case]]>
  </system-out>
  <testcase classname="testNGFlags.Flag3" name="Flag" time="0.000"/>
  <system-out>
    <![CDATA[Login test case]]>
  </system-out>
  <testcase classname="testNGFlags.Flag3" name="Flag" time="0.001"/>
  <system-out>
    <![CDATA[Login test case]]>
  </system-out>
  <testcase classname="testNGFlags.Flag3" name="Flag" time="0.000"/>
  <system-out>
    <![CDATA[Login test case]]>
  </system-out>
  <testcase classname="testNGFlags.Flag3" name="Flag" time="0.000"/>
  <system-out>
    <![CDATA[Login test case]]>
  </system-out>
  <testcase classname="testNGFlags.Flag3" name="Flag" time="0.001"/>
  <system-out>
    <![CDATA[Login test case]]>
  </system-out>
  <testcase classname="testNGFlags.Flag3" name="Flag" time="0.000"/>
  <system-out>
    <![CDATA[Login test case]]>
  </system-out>
  <testcase classname="testNGFlags.Flag3" name="Flag" time="0.000"/>
  <system-out>
    <![CDATA[Login test case]]>
  </system-out>
  <testcase classname="testNGFlags.Flag3" name="Flag" time="0.000"/>
  <system-out>
    <![CDATA[Login test case]]>
  </system-out>
  <testcase classname="testNGFlags.Flag3" name="Flag" time="0.000"/>
  <system-out>
    <![CDATA[Login test case]]>
  </system-out>
  <testcase classname="testNGFlags.Flag3" name="Flag" time="0.000"/>
  <system-out>
    <![CDATA[Login test case]]>
  </system-out>
  <testcase classname="testNGFlags.Flag3" name="Flag" time="0.001"/>
  <system-out>
    <![CDATA[Login test case]]>
  </system-out>
  <testcase classname="testNGFlags.Flag3" name="Flag" time="0.000"/>
  <system-out>
    <![CDATA[Login test case]]>
  </system-out>
  <testcase classname="testNGFlags.Flag3" name="Flag" time="0.000"/>
  <system-out>
    <![CDATA[Login test case]]>
  </system-out>
  <testcase classname="testNGFlags.Flag3" name="Flag" time="0.005"/>
  <system-out>
    <![CDATA[Login test case]]>
  </system-out>
  <testcase classname="testNGFlags.Flag3" name="Flag" time="0.001"/>
  <system-out>
    <![CDATA[Login test case]]>
  </system-out>
  <testcase classname="testNGFlags.Flag3" name="Flag" time="0.000"/>
  <system-out>
    <![CDATA[Login test case]]>
  </system-out>
  <testcase classname="testNGFlags.Flag3" name="Flag" time="0.000"/>
  <system-out>
    <![CDATA[Login test case]]>
  </system-out>
  <testcase classname="testNGFlags.Flag3" name="Flag" time="0.000"/>
  <system-out>
    <![CDATA[Login test case]]>
  </system-out>
  <testcase classname="testNGFlags.Flag3" name="Flag" time="0.001"/>
  <system-out>
    <![CDATA[Login test case]]>
  </system-out>
  <testcase classname="testNGFlags.Flag3" name="Flag" time="0.001"/>
  <system-out>
    <![CDATA[Login test case]]>
  </system-out>
  <testcase classname="testNGFlags.Flag3" name="Flag" time="0.001"/>
  <system-out>
    <![CDATA[Login test case]]>
  </system-out>
  <testcase classname="testNGFlags.Flag3" name="Flag" time="0.001"/>
  <system-out>
    <![CDATA[Login test case]]>
  </system-out>
  <testcase classname="testNGFlags.Flag3" name="Flag" time="0.000"/>
  <system-out>
    <![CDATA[Login test case]]>
  </system-out>
  <testcase classname="testNGFlags.Flag3" name="Flag" time="0.000"/>
  <system-out>
    <![CDATA[Login test case]]>
  </system-out>
  <testcase classname="testNGFlags.Flag3" name="Flag" time="0.000"/>
  <system-out>
    <![CDATA[Login test case]]>
  </system-out>
  <testcase classname="testNGFlags.Flag3" name="Flag" time="0.001"/>
  <system-out>
    <![CDATA[Login test case]]>
  </system-out>
  <testcase classname="testNGFlags.Flag3" name="Flag" time="0.001"/>
  <system-out>
    <![CDATA[Login test case]]>
  </system-out>
  <testcase classname="testNGFlags.Flag3" name="Flag" time="0.000"/>
  <system-out>
    <![CDATA[Login test case]]>
  </system-out>
  <testcase classname="testNGFlags.Flag3" name="Flag" time="0.000"/>
  <system-out>
    <![CDATA[Login test case]]>
  </system-out>
  <testcase classname="testNGFlags.Flag3" name="Flag" time="0.000"/>
  <system-out>
    <![CDATA[Login test case]]>
  </system-out>
  <testcase classname="testNGFlags.Flag3" name="Flag" time="0.000"/>
  <system-out>
    <![CDATA[Login test case]]>
  </system-out>
  <testcase classname="testNGFlags.Flag3" name="Flag" time="0.000"/>
  <system-out>
    <![CDATA[Login test case]]>
  </system-out>
  <testcase classname="testNGFlags.Flag3" name="Flag" time="0.000"/>
  <system-out>
    <![CDATA[Login test case]]>
  </system-out>
  <testcase classname="testNGFlags.Flag3" name="Flag" time="0.000"/>
  <system-out>
    <![CDATA[Login test case]]>
  </system-out>
  <testcase classname="testNGFlags.Flag3" name="Flag" time="0.000"/>
  <system-out>
    <![CDATA[Login test case]]>
  </system-out>
  <testcase classname="testNGFlags.Flag3" name="Flag" time="0.000"/>
  <system-out>
    <![CDATA[Login test case]]>
  </system-out>
  <testcase classname="testNGFlags.Flag3" name="Flag" time="0.001"/>
  <system-out>
    <![CDATA[Login test case]]>
  </system-out>
  <testcase classname="testNGFlags.Flag3" name="Flag" time="0.000"/>
  <system-out>
    <![CDATA[Login test case]]>
  </system-out>
  <testcase classname="testNGFlags.Flag3" name="Flag" time="0.000"/>
  <system-out>
    <![CDATA[Login test case]]>
  </system-out>
  <testcase classname="testNGFlags.Flag3" name="Flag" time="0.000"/>
  <system-out>
    <![CDATA[Login test case]]>
  </system-out>
  <testcase classname="testNGFlags.Flag3" name="Flag" time="0.000"/>
  <system-out>
    <![CDATA[Login test case]]>
  </system-out>
  <testcase classname="testNGFlags.Flag3" name="Flag" time="0.000"/>
  <system-out>
    <![CDATA[Login test case]]>
  </system-out>
  <testcase classname="testNGFlags.Flag3" name="Flag" time="0.000"/>
  <system-out>
    <![CDATA[Login test case]]>
  </system-out>
  <testcase classname="testNGFlags.Flag3" name="Flag" time="0.001"/>
  <system-out>
    <![CDATA[Login test case]]>
  </system-out>
  <testcase classname="testNGFlags.Flag3" name="Flag" time="0.000"/>
  <system-out>
    <![CDATA[Login test case]]>
  </system-out>
  <testcase classname="testNGFlags.Flag3" name="Flag" time="0.000"/>
  <system-out>
    <![CDATA[Login test case]]>
  </system-out>
  <testcase classname="testNGFlags.Flag3" name="Flag" time="0.000"/>
  <system-out>
    <![CDATA[Login test case]]>
  </system-out>
  <testcase classname="testNGFlags.Flag3" name="Flag" time="0.000"/>
  <system-out>
    <![CDATA[Login test case]]>
  </system-out>
  <testcase classname="testNGFlags.Flag3" name="Flag" time="0.000"/>
  <system-out>
    <![CDATA[Login test case]]>
  </system-out>
  <testcase classname="testNGFlags.Flag3" name="Flag" time="0.000"/>
  <system-out>
    <![CDATA[Login test case]]>
  </system-out>
  <testcase classname="testNGFlags.Flag3" name="Flag" time="0.000"/>
  <system-out>
    <![CDATA[Login test case]]>
  </system-out>
  <testcase classname="testNGFlags.Flag3" name="Flag" time="0.001"/>
  <system-out>
    <![CDATA[Login test case]]>
  </system-out>
  <testcase classname="testNGFlags.Flag3" name="Flag" time="0.000"/>
  <system-out>
    <![CDATA[Login test case]]>
  </system-out>
  <testcase classname="testNGFlags.Flag3" name="Flag" time="0.000"/>
  <system-out>
    <![CDATA[Login test case]]>
  </system-out>
  <testcase classname="testNGFlags.Flag3" name="Flag" time="0.000"/>
  <system-out>
    <![CDATA[Login test case]]>
  </system-out>
  <testcase classname="testNGFlags.Flag3" name="Flag" time="0.000"/>
  <system-out>
    <![CDATA[Login test case]]>
  </system-out>
  <testcase classname="testNGFlags.Flag3" name="Flag" time="0.001"/>
  <system-out>
    <![CDATA[Login test case]]>
  </system-out>
  <testcase classname="testNGFlags.Flag3" name="Flag" time="0.000"/>
  <system-out>
    <![CDATA[Login test case]]>
  </system-out>
  <testcase classname="testNGFlags.Flag3" name="Flag" time="0.000"/>
  <system-out>
    <![CDATA[Login test case]]>
  </system-out>
  <testcase classname="testNGFlags.Flag3" name="Flag" time="0.000"/>
  <system-out>
    <![CDATA[Login test case]]>
  </system-out>
  <testcase classname="testNGFlags.Flag3" name="Flag" time="0.000"/>
  <system-out>
    <![CDATA[Login test case]]>
  </system-out>
  <testcase classname="testNGFlags.Flag3" name="Flag" time="0.001"/>
  <system-out>
    <![CDATA[Login test case]]>
  </system-out>
  <testcase classname="testNGFlags.Flag3" name="Flag" time="0.001"/>
  <system-out>
    <![CDATA[Login test case]]>
  </system-out>
  <testcase classname="testNGFlags.Flag3" name="Flag" time="0.001"/>
  <system-out>
    <![CDATA[Login test case]]>
  </system-out>
  <testcase classname="testNGFlags.Flag3" name="Flag" time="0.000"/>
  <system-out>
    <![CDATA[Login test case]]>
  </system-out>
  <testcase classname="testNGFlags.Flag3" name="Flag" time="0.000"/>
  <system-out>
    <![CDATA[Login test case]]>
  </system-out>
  <testcase classname="testNGFlags.Flag3" name="Flag" time="0.000"/>
  <system-out>
    <![CDATA[Login test case]]>
  </system-out>
  <testcase classname="testNGFlags.Flag3" name="Flag" time="0.000"/>
  <system-out>
    <![CDATA[Login test case]]>
  </system-out>
  <testcase classname="testNGFlags.Flag3" name="Flag" time="0.000"/>
  <system-out>
    <![CDATA[Login test case]]>
  </system-out>
  <testcase classname="testNGFlags.Flag3" name="Flag" time="0.000"/>
  <system-out>
    <![CDATA[Login test case]]>
  </system-out>
  <testcase classname="testNGFlags.Flag3" name="Flag" time="0.000"/>
  <system-out>
    <![CDATA[Login test case]]>
  </system-out>
  <testcase classname="testNGFlags.Flag3" name="Flag" time="0.000"/>
  <system-out>
    <![CDATA[Login test case]]>
  </system-out>
  <testcase classname="testNGFlags.Flag3" name="Flag" time="0.000"/>
  <system-out>
    <![CDATA[Login test case]]>
  </system-out>
  <testcase classname="testNGFlags.Flag3" name="Flag" time="0.000"/>
  <system-out>
    <![CDATA[Login test case]]>
  </system-out>
  <testcase classname="testNGFlags.Flag3" name="Flag" time="0.000"/>
  <system-out>
    <![CDATA[Login test case]]>
  </system-out>
  <testcase classname="testNGFlags.Flag3" name="Flag" time="0.000"/>
  <system-out>
    <![CDATA[Login test case]]>
  </system-out>
  <testcase classname="testNGFlags.Flag3" name="Flag" time="0.001"/>
  <system-out>
    <![CDATA[Login test case]]>
  </system-out>
  <testcase classname="testNGFlags.Flag3" name="Flag" time="0.000"/>
  <system-out>
    <![CDATA[Login test case]]>
  </system-out>
  <testcase classname="testNGFlags.Flag3" name="Flag" time="0.001"/>
  <system-out>
    <![CDATA[Login test case]]>
  </system-out>
  <testcase classname="testNGFlags.Flag3" name="Flag" time="0.001"/>
  <system-out>
    <![CDATA[Login test case]]>
  </system-out>
  <testcase classname="testNGFlags.Flag3" name="Flag" time="0.000"/>
  <system-out>
    <![CDATA[Login test case]]>
  </system-out>
  <testcase classname="testNGFlags.Flag3" name="Flag" time="0.000"/>
  <system-out>
    <![CDATA[Login test case]]>
  </system-out>
  <testcase classname="testNGFlags.Flag3" name="Flag" time="0.000"/>
  <system-out>
    <![CDATA[Login test case]]>
  </system-out>
[...]
  </system-out>
  <testcase classname="testNGFlags.Flag3" name="Flag" time="0.000"/>
  <system-out>
    <![CDATA[Login test case]]>
  </system-out>
  <testcase classname="testNGFlags.Flag3" name="Flag" time="0.000"/>
  <system-out>
    <![CDATA[Login test case]]>
  </system-out>
  <testcase classname="testNGFlags.Flag3" name="Flag" time="0.000"/>
  <system-out>
    <![CDATA[Login test case]]>
  </system-out>
  <testcase classname="testNGFlags.Flag3" name="Flag" time="0.001"/>
  <system-out>
    <![CDATA[Login test case]]>
  </system-out>
  <testcase classname="testNGFlags.Flag3" name="Flag" time="0.000"/>
  <system-out>
    <![CDATA[Login test case]]>
  </system-out>
  <testcase classname="testNGFlags.Flag3" name="Flag" time="0.000"/>
  <system-out>
    <![CDATA[Login test case]]>
  </system-out>
  <testcase classname="testNGFlags.Flag3" name="Flag" time="0.000"/>
  <system-out>
    <![CDATA[Login test case]]>
  </system-out>
  <testcase classname="testNGFlags.Flag3" name="Flag" time="0.001"/>
  <system-out>
    <![CDATA[Login test case]]>
  </system-out>
  <testcase classname="testNGFlags.Flag3" name="Flag" time="0.000"/>
  <system-out>
    <![CDATA[Login test case]]>
  </system-out>
  <testcase classname="testNGFlags.Flag3" name="Flag" time="0.001"/>
  <system-out>
    <![CDATA[Login test case]]>
  </system-out>
  <testcase classname="testNGFlags.Flag3" name="Flag" time="0.001"/>
  <system-out>
    <![CDATA[Login test case]]>
  </system-out>
  <testcase classname="testNGFlags.Flag3" name="Flag" time="0.000"/>
  <system-out>
    <![CDATA[Login test case]]>
  </system-out>
  <testcase classname="testNGFlags.Flag3" name="Flag" time="0.000"/>
  <system-out>
    <![CDATA[Login test case]]>
  </system-out>
  <testcase classname="testNGFlags.Flag3" name="Flag" time="0.000"/>
  <system-out>
    <![CDATA[Login test case]]>
  </system-out>
  <testcase classname="testNGFlags.Flag3" name="Flag" time="0.000"/>
  <system-out>
    <![CDATA[Login test case]]>
  </system-out>
  <testcase classname="testNGFlags.Flag3" name="Flag" time="0.000"/>
  <system-out>
    <![CDATA[Login test case]]>
  </system-out>
  <testcase classname="testNGFlags.Flag3" name="Flag" time="0.000"/>
  <system-out>
    <![CDATA[Login test case]]>
  </system-out>
  <testcase classname="testNGFlags.Flag3" name="Flag" time="0.000"/>
  <system-out>
    <![CDATA[Login test case]]>
  </system-out>
  <testcase classname="testNGFlags.Flag3" name="Flag" time="0.000"/>
  <system-out>
    <![CDATA[Login test case]]>
  </system-out>
  <testcase classname="testNGFlags.Flag3" name="Flag" time="0.001"/>
  <system-out>
    <![CDATA[Login test case]]>
  </system-out>
  <testcase classname="testNGFlags.Flag3" name="Flag" time="0.000"/>
  <system-out>
    <![CDATA[Login test case]]>
  </system-out>
  <testcase classname="testNGFlags.Flag3" name="Flag" time="0.000"/>
  <system-out>
    <![CDATA[Login test case]]>
  </system-out>
  <testcase classname="testNGFlags.Flag3" name="Flag" time="0.000"/>
  <system-out>
    <![CDATA[Login test case]]>
  </system-out>
  <testcase classname="testNGFlags.Flag3" name="Flag" time="0.000"/>
  <system-out>
    <![CDATA[Login test case]]>
  </system-out>
  <testcase classname="testNGFlags.Flag3" name="Flag" time="0.000"/>
  <system-out>
    <![CDATA[Login test case]]>
  </system-out>
  <testcase classname="testNGFlags.Flag3" name="Flag" time="0.000"/>
  <system-out>
    <![CDATA[Login test case]]>
  </system-out>
  <testcase classname="testNGFlags.Flag3" name="Flag" time="0.000"/>
  <system-out>
    <![CDATA[Login test case]]>
  </system-out>
  <testcase classname="testNGFlags.Flag3" name="Flag" time="0.000"/>
  <system-out>
    <![CDATA[Login test case]]>
  </system-out>
  <testcase classname="testNGFlags.Flag3" name="Flag" time="0.000"/>
  <system-out>
    <![CDATA[Login test case]]>
  </system-out>
  <testcase classname="testNGFlags.Flag3" name="Flag" time="0.001"/>
  <system-out>
    <![CDATA[Login test case]]>
  </system-out>
  <testcase classname="testNGFlags.Flag3" name="Flag" time="0.000"/>
  <system-out>
    <![CDATA[Login test case]]>
  </system-out>
  <testcase classname="testNGFlags.Flag3" name="Flag" time="0.001"/>
  <system-out>
    <![CDATA[Login test case]]>
  </system-out>
  <testcase classname="testNGFlags.Flag3" name="Flag" time="0.000"/>
  <system-out>
    <![CDATA[Login test case]]>
  </system-out>
  <testcase classname="testNGFlags.Flag3" name="Flag" time="0.000"/>
  <system-out>
    <![CDATA[Login test case]]>
  </system-out>
  <testcase classname="testNGFlags.Flag3" name="Flag" time="0.001"/>
  <system-out>
    <![CDATA[Login test case]]>
  </system-out>
  <testcase classname="testNGFlags.Flag3" name="Flag" time="0.001"/>
  <system-out>
    <![CDATA[Login test case]]>
  </system-out>
  <testcase classname="testNGFlags.Flag3" name="Flag" time="0.000"/>
  <system-out>
    <![CDATA[Login test case]]>
  </system-out>
  <testcase classname="testNGFlags.Flag3" name="Flag" time="0.001"/>
  <system-out>
    <![CDATA[Login test case]]>
  </system-out>
  <testcase classname="testNGFlags.Flag3" name="Flag" time="0.000"/>
  <system-out>
    <![CDATA[Login test case]]>
  </system-out>
  <testcase classname="testNGFlags.Flag3" name="Flag" time="0.001"/>
  <system-out>
    <![CDATA[Login test case]]>
  </system-out>
  <testcase classname="testNGFlags.Flag3" name="Flag" time="0.000"/>
  <system-out>
    <![CDATA[Login test case]]>
  </system-out>
  <testcase classname="testNGFlags.Flag3" name="Flag" time="0.000"/>
  <system-out>
    <![CDATA[Login test case]]>
  </system-out>
  <testcase classname="testNGFlags.Flag3" name="Flag" time="0.000"/>
  <system-out>
    <![CDATA[Login test case]]>
  </system-out>
  <testcase classname="testNGFlags.Flag3" name="Flag" time="0.001"/>
  <system-out>
    <![CDATA[Login test case]]>
  </system-out>
  <testcase classname="testNGFlags.Flag3" name="Flag" time="0.001"/>
  <system-out>
    <![CDATA[Login test case]]>
  </system-out>
  <testcase classname="testNGFlags.Flag3" name="Flag" time="0.001"/>
  <system-out>
    <![CDATA[Login test case]]>
  </system-out>
  <testcase classname="testNGFlags.Flag3" name="Flag" time="0.000"/>
  <system-out>
    <![CDATA[Login test case]]>
  </system-out>
  <testcase classname="testNGFlags.Flag3" name="Flag" time="0.000"/>
  <system-out>
    <![CDATA[Login test case]]>
  </system-out>
  <testcase classname="testNGFlags.Flag3" name="Flag" time="0.000"/>
  <system-out>
    <![CDATA[Login test case]]>
  </system-out>
  <testcase classname="testNGFlags.Flag3" name="Flag" time="0.001"/>
  <system-out>
    <![CDATA[Login test case]]>
  </system-out>
  <testcase classname="testNGFlags.Flag3" name="Flag" time="0.000"/>
  <system-out>
    <![CDATA[Login test case]]>
  </system-out>
  <testcase classname="testNGFlags.Flag3" name="Flag" time="0.001"/>
  <system-out>
    <![CDATA[Login test case]]>
  </system-out>
  <testcase classname="testNGFlags.Flag3" name="Flag" time="0.000"/>
  <system-out>
    <![CDATA[Login test case]]>
  </system-out>
  <testcase classname="testNGFlags.Flag3" name="Flag" time="0.000"/>
  <system-out>
    <![CDATA[Login test case]]>
  </system-out>
  <testcase classname="testNGFlags.Flag3" name="Flag" time="0.000"/>
  <system-out>
    <![CDATA[Login test case]]>
  </system-out>
  <testcase classname="testNGFlags.Flag3" name="Flag" time="0.000"/>
  <system-out>
    <![CDATA[Login test case]]>
  </system-out>
  <testcase classname="testNGFlags.Flag3" name="Flag" time="0.000"/>
  <system-out>
    <![CDATA[Login test case]]>
  </system-out>
  <testcase classname="testNGFlags.Flag3" name="Flag" time="0.000"/>
  <system-out>
    <![CDATA[Login test case]]>
  </system-out>
  <testcase classname="testNGFlags.Flag3" name="Flag" time="0.000"/>
  <system-out>
    <![CDATA[Login test case]]>
  </system-out>
  <testcase classname="testNGFlags.Flag3" name="Flag" time="0.000"/>
  <system-out>
    <![CDATA[Login test case]]>
  </system-out>
  <testcase classname="testNGFlags.Flag3" name="Flag" time="0.000"/>
  <system-out>
    <![CDATA[Login test case]]>
  </system-out>
  <testcase classname="testNGFlags.Flag3" name="Flag" time="0.000"/>
  <system-out>
    <![CDATA[Login test case]]>
  </system-out>
  <testcase classname="testNGFlags.Flag3" name="Flag" time="0.000"/>
  <system-out>
    <![CDATA[Login test case]]>
  </system-out>
  <testcase classname="testNGFlags.Flag3" name="Flag" time="0.000"/>
  <system-out>
    <![CDATA[Login test case]]>
  </system-out>
  <testcase classname="testNGFlags.Flag3" name="Flag" time="0.000"/>
  <system-out>
    <![CDATA[Login test case]]>
  </system-out>
  <testcase classname="testNGFlags.Flag3" name="Flag" time="0.000"/>
  <system-out>
    <![CDATA[Login test case]]>
  </system-out>
  <testcase classname="testNGFlags.Flag3" name="Flag" time="0.000"/>
  <system-out>
    <![CDATA[Login test case]]>
  </system-out>
  <testcase classname="testNGFlags.Flag3" name="Flag" time="0.000"/>
  <system-out>
    <![CDATA[Login test case]]>
  </system-out>
  <testcase classname="testNGFlags.Flag3" name="Flag" time="0.000"/>
  <system-out>
    <![CDATA[Login test case]]>
  </system-out>
  <testcase classname="testNGFlags.Flag3" name="Flag" time="0.001"/>
  <system-out>
    <![CDATA[Login test case]]>
  </system-out>
  <testcase classname="testNGFlags.Flag3" name="Flag" time="0.000"/>
  <system-out>
    <![CDATA[Login test case]]>
  </system-out>
  <testcase classname="testNGFlags.Flag3" name="Flag" time="0.000"/>
  <system-out>
    <![CDATA[Login test case]]>
  </system-out>
  <testcase classname="testNGFlags.Flag3" name="Flag" time="0.001"/>
  <system-out>
    <![CDATA[Login test case]]>
  </system-out>
  <testcase classname="testNGFlags.Flag3" name="Flag" time="0.000"/>
  <system-out>
    <![CDATA[Login test case]]>
  </system-out>
  <testcase classname="testNGFlags.Flag3" name="Flag" time="0.000"/>
  <system-out>
    <![CDATA[Login test case]]>
  </system-out>
  <testcase classname="testNGFlags.Flag3" name="Flag" time="0.000"/>
  <system-out>
    <![CDATA[Login test case]]>
  </system-out>
  <testcase classname="testNGFlags.Flag3" name="Flag" time="0.000"/>
  <system-out>
    <![CDATA[Login test case]]>
  </system-out>
  <testcase classname="testNGFlags.Flag3" name="Flag" time="0.001"/>
  <system-out>
    <![CDATA[Login test case]]>
  </system-out>
  <testcase classname="testNGFlags.Flag3" name="Flag" time="0.000"/>
  <system-out>
    <![CDATA[Login test case]]>
  </system-out>
  <testcase classname="testNGFlags.Flag3" name="Flag" time="0.001"/>
  <system-out>
    <![CDATA[Login test case]]>
  </system-out>
  <testcase classname="testNGFlags.Flag3" name="Flag" time="0.000"/>
  <system-out>
    <![CDATA[Login test case]]>
  </system-out>
  <testcase classname="testNGFlags.Flag3" name="Flag" time="0.000"/>
  <system-out>
    <![CDATA[Login test case]]>
  </system-out>
  <testcase classname="testNGFlags.Flag3" name="Flag" time="0.001"/>
  <system-out>
    <![CDATA[Login test case]]>
  </system-out>
  <testcase classname="testNGFlags.Flag3" name="Flag" time="0.000"/>
  <system-out>
    <![CDATA[Login test case]]>
  </system-out>
  <testcase classname="testNGFlags.Flag3" name="Flag" time="0.001"/>
  <system-out>
    <![CDATA[Login test case]]>
  </system-out>
  <testcase classname="testNGFlags.Flag3" name="Flag" time="0.000"/>
  <system-out>
    <![CDATA[Login test case]]>
  </system-out>
  <testcase classname="testNGFlags.Flag3" name="Flag" time="0.000"/>
  <system-out>
    <![CDATA[Login test case]]>
  </system-out>
  <testcase classname="testNGFlags.Flag3" name="Flag" time="0.001"/>
  <system-out>
    <![CDATA[Login test case]]>
  </system-out>
  <testcase classname="testNGFlags.Flag3" name="Flag" time="0.000"/>
  <system-out>
    <![CDATA[Login test case]]>
  </system-out>
  <testcase classname="testNGFlags.Flag3" name="Flag" time="0.000"/>
  <system-out>
    <![CDATA[Login test case]]>
  </system-out>
  <testcase classname="testNGFlags.Flag3" name="Flag" time="0.000"/>
  <system-out>
    <![CDATA[Login test case]]>
  </system-out>
  <testcase classname="testNGFlags.Flag3" name="Flag" time="0.000"/>
  <system-out>
    <![CDATA[Login test case]]>
  </system-out>
  <testcase classname="testNGFlags.Flag3" name="Flag" time="0.001"/>
  <system-out>
    <![CDATA[Login test case]]>
  </system-out>
  <testcase classname="testNGFlags.Flag3" name="Flag" time="0.000"/>
  <system-out>
    <![CDATA[Login test case]]>
  </system-out>
  <testcase classname="testNGFlags.Flag3" name="Flag" time="0.000"/>
  <system-out>
    <![CDATA[Login test case]]>
  </system-out>
  <testcase classname="testNGFlags.Flag3" name="Flag" time="0.000"/>
  <system-out>
    <![CDATA[Login test case]]>
  </system-out>
  <testcase classname="testNGFlags.Flag3" name="Flag" time="0.001"/>
  <system-out>
    <![CDATA[Login test case]]>
  </system-out>
  <testcase classname="testNGFlags.Flag3" name="Flag" time="0.000"/>
  <system-out>
    <![CDATA[Login test case]]>
  </system-out>
  <testcase classname="testNGFlags.Flag3" name="Flag" time="0.000"/>
  <system-out>
    <![CDATA[Login test case]]>
  </system-out>
  <testcase classname="testNGFlags.Flag3" name="Flag" time="0.001"/>
  <system-out>
    <![CDATA[Login test case]]>
  </system-out>
  <testcase classname="testNGFlags.Flag3" name="Flag" time="0.001"/>
  <system-out>
    <![CDATA[Login test case]]>
  </system-out>
  <testcase classname="testNGFlags.Flag3" name="Flag" time="0.000"/>
  <system-out>
    <![CDATA[Login test case]]>
  </system-out>
  <testcase classname="testNGFlags.Flag3" name="Flag" time="0.000"/>
  <system-out>
    <![CDATA[Login test case]]>
  </system-out>
  <testcase classname="testNGFlags.Flag3" name="Flag" time="0.000"/>
  <system-out>
    <![CDATA[Login test case]]>
  </system-out>
  <testcase classname="testNGFlags.Flag3" name="Flag" time="0.000"/>
  <system-out>
    <![CDATA[Login test case]]>
  </system-out>
  <testcase classname="testNGFlags.Flag3" name="Flag" time="0.000"/>
  <system-out>
    <![CDATA[Login test case]]>
  </system-out>
  <testcase classname="testNGFlags.Flag3" name="Flag" time="0.000"/>
  <system-out>
    <![CDATA[Login test case]]>
  </system-out>
  <testcase classname="testNGFlags.Flag3" name="Flag" time="0.000"/>
  <system-out>
    <![CDATA[Login test case]]>
  </system-out>
  <testcase classname="testNGFlags.Flag3" name="Flag" time="0.000"/>
  <system-out>
    <![CDATA[Login test case]]>
  </system-out>
  <testcase classname="testNGFlags.Flag3" name="Flag" time="0.001"/>
  <system-out>
    <![CDATA[Login test case]]>
  </system-out>
  <testcase classname="testNGFlags.Flag3" name="Flag" time="0.000"/>
  <system-out>
    <![CDATA[Login test case]]>
  </system-out>
  <testcase classname="testNGFlags.Flag3" name="Flag" time="0.001"/>
  <system-out>
    <![CDATA[Login test case]]>
  </system-out>
  <testcase classname="testNGFlags.Flag3" name="Flag" time="0.000"/>
  <system-out>
    <![CDATA[Login test case]]>
  </system-out>
  <testcase classname="testNGFlags.Flag3" name="Flag" time="0.000"/>
  <system-out>
    <![CDATA[Login test case]]>
  </system-out>
  <testcase classname="testNGFlags.Flag3" name="Flag" time="0.000"/>
  <system-out>
    <![CDATA[Login test case]]>
  </system-out>
  <testcase classname="testNGFlags.Flag3" name="Flag" time="0.000"/>
  <system-out>
    <![CDATA[Login test case]]>
  </system-out>
  <testcase classname="testNGFlags.Flag3" name="Flag" time="0.000"/>
  <system-out>
    <![CDATA[Login test case]]>
  </system-out>
  <testcase classname="testNGFlags.Flag3" name="Flag" time="0.001"/>
  <system-out>
    <![CDATA[Login test case]]>
  </system-out>
  <testcase classname="testNGFlags.Flag3" name="Flag" time="0.000"/>
  <system-out>
    <![CDATA[Login test case]]>
  </system-out>
  <testcase classname="testNGFlags.Flag3" name="Flag" time="0.001"/>
  <system-out>
    <![CDATA[Login test case]]>
  </system-out>
  <testcase classname="testNGFlags.Flag3" name="Flag" time="0.000"/>
  <system-out>
    <![CDATA[Login test case]]>
  </system-out>
  <testcase classname="testNGFlags.Flag3" name="Flag" time="0.000"/>
  <system-out>
    <![CDATA[Login test case]]>
  </system-out>
  <testcase classname="testNGFlags.Flag3" name="Flag" time="0.000"/>
  <system-out>
    <![CDATA[Login test case]]>
  </system-out>
  <testcase classname="testNGFlags.Flag3" name="Flag" time="0.000"/>
  <system-out>
    <![CDATA[Login test case]]>
  </system-out>
  <testcase classname="testNGFlags.Flag3" name="Flag" time="0.000"/>
  <system-out>
    <![CDATA[Login test case]]>
  </system-out>
  <testcase classname="testNGFlags.Flag3" name="Flag" time="0.000"/>
  <system-out>
    <![CDATA[Login test case]]>
  </system-out>
  <testcase classname="testNGFlags.Flag3" name="Flag" time="0.000"/>
  <system-out>
    <![CDATA[Login test case]]>
  </system-out>
  <testcase classname="testNGFlags.Flag3" name="Flag" time="0.000"/>
  <system-out>
    <![CDATA[Login test case]]>
  </system-out>
  <testcase classname="testNGFlags.Flag3" name="Flag" time="0.002"/>
  <system-out>
    <![CDATA[Login test case]]>
  </system-out>
  <testcase classname="testNGFlags.Flag3" name="Flag" time="0.000"/>
  <system-out>
    <![CDATA[Login test case]]>
  </system-out>
  <testcase classname="testNGFlags.Flag3" name="Flag" time="0.000"/>
  <system-out>
    <![CDATA[Login test case]]>
  </system-out>
  <testcase classname="testNGFlags.Flag3" name="Flag" time="0.000"/>
  <system-out>
    <![CDATA[Login test case]]>
  </system-out>
  <testcase classname="testNGFlags.Flag3" name="Flag" time="0.001"/>
  <system-out>
    <![CDATA[Login test case]]>
  </system-out>
  <testcase classname="testNGFlags.Flag3" name="Flag" time="0.001"/>
  <system-out>
    <![CDATA[Login test case]]>
  </system-out>
  <testcase classname="testNGFlags.Flag3" name="Flag" time="0.001"/>
  <system-out>
    <![CDATA[Login test case]]>
  </system-out>
  <testcase classname="testNGFlags.Flag3" name="Flag" time="0.001"/>
  <system-out>
    <![CDATA[Login test case]]>
  </system-out>
  <testcase classname="testNGFlags.Flag3" name="Flag" time="0.000"/>
  <system-out>
    <![CDATA[Login test case]]>
  </system-out>
  <testcase classname="testNGFlags.Flag3" name="Flag" time="0.001"/>
  <system-out>
    <![CDATA[Login test case]]>
  </system-out>
  <testcase classname="testNGFlags.Flag3" name="Flag" time="0.000"/>
  <system-out>
    <![CDATA[Login test case]]>
  </system-out>
  <testcase classname="testNGFlags.Flag3" name="Flag" time="0.000"/>
  <system-out>
    <![CDATA[Login test case]]>
  </system-out>
  <testcase classname="testNGFlags.Flag3" name="Flag" time="0.000"/>
  <system-out>
    <![CDATA[Login test case]]>
  </system-out>
  <testcase classname="testNGFlags.Flag3" name="Flag" time="0.000"/>
  <system-out>
    <![CDATA[Login test case]]>
  </system-out>
  <testcase classname="testNGFlags.Flag3" name="Flag" time="0.000"/>
  <system-out>
    <![CDATA[Login test case]]>
  </system-out>
  <testcase classname="testNGFlags.Flag3" name="Flag" time="0.000"/>
  <system-out>
    <![CDATA[Login test case]]>
  </system-out>
  <testcase classname="testNGFlags.Flag3" name="Flag" time="0.000"/>
  <system-out>
    <![CDATA[Login test case]]>
  </system-out>
  <testcase classname="testNGFlags.Flag3" name="Flag" time="0.001"/>
  <system-out>
    <![CDATA[Login test case]]>
  </system-out>
  <testcase classname="testNGFlags.Flag3" name="Flag" time="0.000"/>
  <system-out>
    <![CDATA[Login test case]]>
  </system-out>
  <testcase classname="testNGFlags.Flag3" name="Flag" time="0.000"/>
  <system-out>
    <![CDATA[Login test case]]>
  </system-out>
  <testcase classname="testNGFlags.Flag3" name="Flag" time="0.001"/>
  <system-out>
    <![CDATA[Login test case]]>
  </system-out>
  <testcase classname="testNGFlags.Flag3" name="Flag" time="0.000"/>
  <system-out>
    <![CDATA[Login test case]]>
  </system-out>
  <testcase classname="testNGFlags.Flag3" name="Flag" time="0.000"/>
  <system-out>
    <![CDATA[Login test case]]>
  </system-out>
</testsuite> <!-- testNGFlags.Flag3 -->
