<?xml version="1.0" encoding="UTF-8"?>
<!-- Generated by org.testng.reporters.JUnitXMLReporter -->
<testsuite ignored="0" hostname="hp" failures="0" tests="9" name="Test" time="0.069" errors="0" timestamp="2023-05-25T21:27:35 IST">
  <testcase classname="testNGpack2.DemoTest3" name="g" time="0.01"/>
  <testcase classname="testNGpack2.DemoTest3" name="h" time="0.001"/>
  <testcase classname="testNGpack2.DemoTest3" name="i" time="0.001"/>
  <testcase classname="testNGpack2.DemoTest1" name="a" time="0.001"/>
  <testcase classname="testNGpack2.DemoTest1" name="b" time="0.001"/>
  <testcase classname="testNGpack2.DemoTest1" name="c" time="0.0"/>
  <testcase classname="testNGpack2.DemoTest2" name="e" time="0.001"/>
  <testcase classname="testNGpack2.DemoTest2" name="f" time="0.001"/>
  <testcase classname="testNGpack2.DemoTest2" name="f1" time="0.001"/>
</testsuite> <!-- Test -->
