<?xml version="1.0" encoding="UTF-8"?>
<testng-results ignored="0" total="3" passed="3" failed="0" skipped="0">
  <reporter-output>
    <line>
      <![CDATA[Login Performed]]>
    </line>
    <line>
      <![CDATA[user Created]]>
    </line>
    <line>
      <![CDATA[Logout Performed]]>
    </line>
  </reporter-output>
  <suite started-at="2023-05-26T10:55:54 IST" name="Default suite" finished-at="2023-05-26T10:55:54 IST" duration-ms="45">
    <groups>
    </groups>
    <test started-at="2023-05-26T10:55:54 IST" name="Default test" finished-at="2023-05-26T10:55:54 IST" duration-ms="45">
      <class name="testNGFlags.Flag5">
        <test-method signature="Method1()[pri:0, instance:testNGFlags.Flag5@68e965f5]" started-at="2023-05-26T10:55:54 IST" name="Method1" description="Login Method" finished-at="2023-05-26T10:55:54 IST" duration-ms="7" status="PASS">
          <reporter-output>
            <line>
              <![CDATA[Login Performed]]>
            </line>
          </reporter-output>
        </test-method> <!-- Method1 -->
        <test-method signature="Method2()[pri:0, instance:testNGFlags.Flag5@68e965f5]" started-at="2023-05-26T10:55:54 IST" name="Method2" description="CreateUser TestCase" finished-at="2023-05-26T10:55:54 IST" duration-ms="1" status="PASS">
          <reporter-output>
            <line>
              <![CDATA[user Created]]>
            </line>
          </reporter-output>
        </test-method> <!-- Method2 -->
        <test-method signature="Method3()[pri:0, instance:testNGFlags.Flag5@68e965f5]" started-at="2023-05-26T10:55:54 IST" name="Method3" description="Logout Method" finished-at="2023-05-26T10:55:54 IST" duration-ms="1" status="PASS">
          <reporter-output>
            <line>
              <![CDATA[Logout Performed]]>
            </line>
          </reporter-output>
        </test-method> <!-- Method3 -->
      </class> <!-- testNGFlags.Flag5 -->
    </test> <!-- Default test -->
  </suite> <!-- Default suite -->
</testng-results>
